AutoMPGData object initialized.
Processing autoMPG object: AutoMPG(Chevrolet, Chevelle Malibu, 1970, 18.0)
Processing autoMPG object: AutoMPG(Buick, Skylark 320, 1970, 15.0)
Processing autoMPG object: AutoMPG(Plymouth, Satellite, 1970, 18.0)
Processing autoMPG object: AutoMPG(Amc, Rebel Sst, 1970, 16.0)
Processing autoMPG object: AutoMPG(Ford, Torino, 1970, 17.0)
Processing autoMPG object: AutoMPG(Ford, Galaxie 500, 1970, 15.0)
Processing autoMPG object: AutoMPG(Chevrolet, Impala, 1970, 14.0)
Processing autoMPG object: AutoMPG(Plymouth, Fury Iii, 1970, 14.0)
Processing autoMPG object: AutoMPG(Pontiac, Catalina, 1970, 14.0)
Processing autoMPG object: AutoMPG(Amc, Ambassador Dpl, 1970, 15.0)
Processing autoMPG object: AutoMPG(Dodge, Challenger Se, 1970, 15.0)
Processing autoMPG object: AutoMPG(Plymouth, 'Cuda 340, 1970, 14.0)
Processing autoMPG object: AutoMPG(Chevrolet, Monte Carlo, 1970, 15.0)
Processing autoMPG object: AutoMPG(Buick, Estate Wagon (Sw), 1970, 14.0)
Processing autoMPG object: AutoMPG(Toyota, Corona Mark Ii, 1970, 24.0)
Processing autoMPG object: AutoMPG(Plymouth, Duster, 1970, 22.0)
Processing autoMPG object: AutoMPG(Amc, Hornet, 1970, 18.0)
Processing autoMPG object: AutoMPG(Ford, Maverick, 1970, 21.0)
Processing autoMPG object: AutoMPG(Datsun, Pl510, 1970, 27.0)
Processing autoMPG object: AutoMPG(Volkswagen, 1131 Deluxe Sedan, 1970, 26.0)
Processing autoMPG object: AutoMPG(Peugeot, 504, 1970, 25.0)
Processing autoMPG object: AutoMPG(Audi, 100 Ls, 1970, 24.0)
Processing autoMPG object: AutoMPG(Saab, 99E, 1970, 25.0)
Processing autoMPG object: AutoMPG(Bmw, 2002, 1970, 26.0)
Processing autoMPG object: AutoMPG(Amc, Gremlin, 1970, 21.0)
Processing autoMPG object: AutoMPG(Ford, F250, 1970, 10.0)
Processing autoMPG object: AutoMPG(Chevrolet, C20, 1970, 10.0)
Processing autoMPG object: AutoMPG(Dodge, D200, 1970, 11.0)
Processing autoMPG object: AutoMPG(Hi, 1200D, 1970, 9.0)
Processing autoMPG object: AutoMPG(Datsun, Pl510, 1971, 27.0)
Processing autoMPG object: AutoMPG(Chevrolet, Vega 2300, 1971, 28.0)
Processing autoMPG object: AutoMPG(Toyota, Corona, 1971, 25.0)
Processing autoMPG object: AutoMPG(Ford, Pinto, 1971, 25.0)
Processing autoMPG object: AutoMPG(Amc, Gremlin, 1971, 19.0)
Processing autoMPG object: AutoMPG(Plymouth, Satellite Custom, 1971, 16.0)
Processing autoMPG object: AutoMPG(Chevrolet, Chevelle Malibu, 1971, 17.0)
Processing autoMPG object: AutoMPG(Ford, Torino 500, 1971, 19.0)
Processing autoMPG object: AutoMPG(Amc, Matador, 1971, 18.0)
Processing autoMPG object: AutoMPG(Chevrolet, Impala, 1971, 14.0)
Processing autoMPG object: AutoMPG(Pontiac, Catalina Brougham, 1971, 14.0)
Processing autoMPG object: AutoMPG(Ford, Galaxie 500, 1971, 14.0)
Processing autoMPG object: AutoMPG(Plymouth, Fury Iii, 1971, 14.0)
Processing autoMPG object: AutoMPG(Dodge, Monaco (Sw), 1971, 12.0)
Processing autoMPG object: AutoMPG(Ford, Country Squire (Sw), 1971, 13.0)
Processing autoMPG object: AutoMPG(Pontiac, Safari (Sw), 1971, 13.0)
Processing autoMPG object: AutoMPG(Amc, Hornet Sportabout (Sw), 1971, 18.0)
Processing autoMPG object: AutoMPG(Chevrolet, Vega (Sw), 1971, 22.0)
Processing autoMPG object: AutoMPG(Pontiac, Firebird, 1971, 19.0)
Processing autoMPG object: AutoMPG(Ford, Mustang, 1971, 18.0)
Processing autoMPG object: AutoMPG(Mercury, Capri 2000, 1971, 23.0)
Processing autoMPG object: AutoMPG(Opel, 1900, 1971, 28.0)
Processing autoMPG object: AutoMPG(Peugeot, 304, 1971, 30.0)
Processing autoMPG object: AutoMPG(Fiat, 124B, 1971, 30.0)
Processing autoMPG object: AutoMPG(Toyota, Corolla 1200, 1971, 31.0)
Processing autoMPG object: AutoMPG(Datsun, 1200, 1971, 35.0)
Processing autoMPG object: AutoMPG(Volkswagen, Model 111, 1971, 27.0)
Processing autoMPG object: AutoMPG(Plymouth, Cricket, 1971, 26.0)
Processing autoMPG object: AutoMPG(Toyota, Corona Hardtop, 1972, 24.0)
Processing autoMPG object: AutoMPG(Dodge, Colt Hardtop, 1972, 25.0)
Processing autoMPG object: AutoMPG(Volkswagen, Type 3, 1972, 23.0)
Processing autoMPG object: AutoMPG(Chevrolet, Vega, 1972, 20.0)
Processing autoMPG object: AutoMPG(Ford, Pinto Runabout, 1972, 21.0)
Processing autoMPG object: AutoMPG(Chevrolet, Impala, 1972, 13.0)
Processing autoMPG object: AutoMPG(Pontiac, Catalina, 1972, 14.0)
Processing autoMPG object: AutoMPG(Plymouth, Fury Iii, 1972, 15.0)
Processing autoMPG object: AutoMPG(Ford, Galaxie 500, 1972, 14.0)
Processing autoMPG object: AutoMPG(Amc, Ambassador Sst, 1972, 17.0)
Processing autoMPG object: AutoMPG(Mercury, Marquis, 1972, 11.0)
Processing autoMPG object: AutoMPG(Buick, Lesabre Custom, 1972, 13.0)
Processing autoMPG object: AutoMPG(Oldsmobile, Delta 88 Royale, 1972, 12.0)
Processing autoMPG object: AutoMPG(Chrysler, Newport Royal, 1972, 13.0)
Processing autoMPG object: AutoMPG(Mazda, Rx2 Coupe, 1972, 19.0)
Processing autoMPG object: AutoMPG(Amc, Matador (Sw), 1972, 15.0)
Processing autoMPG object: AutoMPG(Chevrolet, Chevelle Concours (Sw), 1972, 13.0)
Processing autoMPG object: AutoMPG(Ford, Gran Torino (Sw), 1972, 13.0)
Processing autoMPG object: AutoMPG(Plymouth, Satellite Custom (Sw), 1972, 14.0)
Processing autoMPG object: AutoMPG(Volvo, 145E (Sw), 1972, 18.0)
Processing autoMPG object: AutoMPG(Volkswagen, 411 (Sw), 1972, 22.0)
Processing autoMPG object: AutoMPG(Peugeot, 504 (Sw), 1972, 21.0)
Processing autoMPG object: AutoMPG(Renault, 12 (Sw), 1972, 26.0)
Processing autoMPG object: AutoMPG(Ford, Pinto (Sw), 1972, 22.0)
Processing autoMPG object: AutoMPG(Datsun, 510 (Sw), 1972, 28.0)
Processing autoMPG object: AutoMPG(Toyota, Corona Mark Ii (Sw), 1972, 23.0)
Processing autoMPG object: AutoMPG(Dodge, Colt (Sw), 1972, 28.0)
Processing autoMPG object: AutoMPG(Toyota, Corolla 1600 (Sw), 1972, 27.0)
Processing autoMPG object: AutoMPG(Buick, Century 350, 1973, 13.0)
Processing autoMPG object: AutoMPG(Amc, Matador, 1973, 14.0)
Processing autoMPG object: AutoMPG(Chevrolet, Malibu, 1973, 13.0)
Processing autoMPG object: AutoMPG(Ford, Gran Torino, 1973, 14.0)
Processing autoMPG object: AutoMPG(Dodge, Coronet Custom, 1973, 15.0)
Processing autoMPG object: AutoMPG(Mercury, Marquis Brougham, 1973, 12.0)
Processing autoMPG object: AutoMPG(Chevrolet, Caprice Classic, 1973, 13.0)
Processing autoMPG object: AutoMPG(Ford, Ltd, 1973, 13.0)
Processing autoMPG object: AutoMPG(Plymouth, Fury Gran Sedan, 1973, 14.0)
Processing autoMPG object: AutoMPG(Chrysler, New Yorker Brougham, 1973, 13.0)
Processing autoMPG object: AutoMPG(Buick, Electra 225 Custom, 1973, 12.0)
Processing autoMPG object: AutoMPG(Amc, Ambassador Brougham, 1973, 13.0)
Processing autoMPG object: AutoMPG(Plymouth, Valiant, 1973, 18.0)
Processing autoMPG object: AutoMPG(Chevrolet, Nova Custom, 1973, 16.0)
Processing autoMPG object: AutoMPG(Amc, Hornet, 1973, 18.0)
Processing autoMPG object: AutoMPG(Ford, Maverick, 1973, 18.0)
Processing autoMPG object: AutoMPG(Plymouth, Duster, 1973, 23.0)
Processing autoMPG object: AutoMPG(Volkswagen, Super Beetle, 1973, 26.0)
Processing autoMPG object: AutoMPG(Chevrolet, Impala, 1973, 11.0)
Processing autoMPG object: AutoMPG(Ford, Country, 1973, 12.0)
Processing autoMPG object: AutoMPG(Plymouth, Custom Suburb, 1973, 13.0)
Processing autoMPG object: AutoMPG(Oldsmobile, Vista Cruiser, 1973, 12.0)
Processing autoMPG object: AutoMPG(Amc, Gremlin, 1973, 18.0)
Processing autoMPG object: AutoMPG(Toyota, Carina, 1973, 20.0)
Processing autoMPG object: AutoMPG(Chevrolet, Vega, 1973, 21.0)
Processing autoMPG object: AutoMPG(Datsun, 610, 1973, 22.0)
Processing autoMPG object: AutoMPG(Mazda, Rx3, 1973, 18.0)
Processing autoMPG object: AutoMPG(Ford, Pinto, 1973, 19.0)
Processing autoMPG object: AutoMPG(Mercury, Capri V6, 1973, 21.0)
Processing autoMPG object: AutoMPG(Fiat, 124 Sport Coupe, 1973, 26.0)
Processing autoMPG object: AutoMPG(Chevrolet, Monte Carlo S, 1973, 15.0)
Processing autoMPG object: AutoMPG(Pontiac, Grand Prix, 1973, 16.0)
Processing autoMPG object: AutoMPG(Fiat, 128, 1973, 29.0)
Processing autoMPG object: AutoMPG(Opel, Manta, 1973, 24.0)
Processing autoMPG object: AutoMPG(Audi, 100Ls, 1973, 20.0)
Processing autoMPG object: AutoMPG(Volvo, 144Ea, 1973, 19.0)
Processing autoMPG object: AutoMPG(Dodge, Dart Custom, 1973, 15.0)
Processing autoMPG object: AutoMPG(Saab, 99Le, 1973, 24.0)
Processing autoMPG object: AutoMPG(Toyota, Mark Ii, 1973, 20.0)
Processing autoMPG object: AutoMPG(Oldsmobile, Omega, 1973, 11.0)
Processing autoMPG object: AutoMPG(Plymouth, Duster, 1974, 20.0)
Processing autoMPG object: AutoMPG(Ford, Maverick, 1974, 21.0)
Processing autoMPG object: AutoMPG(Amc, Hornet, 1974, 19.0)
Processing autoMPG object: AutoMPG(Chevrolet, Nova, 1974, 15.0)
Processing autoMPG object: AutoMPG(Datsun, B210, 1974, 31.0)
Processing autoMPG object: AutoMPG(Ford, Pinto, 1974, 26.0)
Processing autoMPG object: AutoMPG(Toyota, Corolla 1200, 1974, 32.0)
Processing autoMPG object: AutoMPG(Chevrolet, Vega, 1974, 25.0)
Processing autoMPG object: AutoMPG(Chevrolet, Chevelle Malibu Classic, 1974, 16.0)
Processing autoMPG object: AutoMPG(Amc, Matador, 1974, 16.0)
Processing autoMPG object: AutoMPG(Plymouth, Satellite Sebring, 1974, 18.0)
Processing autoMPG object: AutoMPG(Ford, Gran Torino, 1974, 16.0)
Processing autoMPG object: AutoMPG(Buick, Century Luxus (Sw), 1974, 13.0)
Processing autoMPG object: AutoMPG(Dodge, Coronet Custom (Sw), 1974, 14.0)
Processing autoMPG object: AutoMPG(Ford, Gran Torino (Sw), 1974, 14.0)
Processing autoMPG object: AutoMPG(Amc, Matador (Sw), 1974, 14.0)
Processing autoMPG object: AutoMPG(Audi, Fox, 1974, 29.0)
Processing autoMPG object: AutoMPG(Volkswagen, Dasher, 1974, 26.0)
Processing autoMPG object: AutoMPG(Opel, Manta, 1974, 26.0)
Processing autoMPG object: AutoMPG(Toyota, Corona, 1974, 31.0)
Processing autoMPG object: AutoMPG(Datsun, 710, 1974, 32.0)
Processing autoMPG object: AutoMPG(Dodge, Colt, 1974, 28.0)
Processing autoMPG object: AutoMPG(Fiat, 128, 1974, 24.0)
Processing autoMPG object: AutoMPG(Fiat, 124 Tc, 1974, 26.0)
Processing autoMPG object: AutoMPG(Honda, Civic, 1974, 24.0)
Processing autoMPG object: AutoMPG(Subaru, , 1974, 26.0)
Processing autoMPG object: AutoMPG(Fiat, X1.9, 1974, 31.0)
Processing autoMPG object: AutoMPG(Plymouth, Valiant Custom, 1975, 19.0)
Processing autoMPG object: AutoMPG(Chevrolet, Nova, 1975, 18.0)
Processing autoMPG object: AutoMPG(Mercury, Monarch, 1975, 15.0)
Processing autoMPG object: AutoMPG(Ford, Maverick, 1975, 15.0)
Processing autoMPG object: AutoMPG(Pontiac, Catalina, 1975, 16.0)
Processing autoMPG object: AutoMPG(Chevrolet, Bel Air, 1975, 15.0)
Processing autoMPG object: AutoMPG(Plymouth, Grand Fury, 1975, 16.0)
Processing autoMPG object: AutoMPG(Ford, Ltd, 1975, 14.0)
Processing autoMPG object: AutoMPG(Buick, Century, 1975, 17.0)
Processing autoMPG object: AutoMPG(Chevrolet, Chevelle Malibu, 1975, 16.0)
Processing autoMPG object: AutoMPG(Amc, Matador, 1975, 15.0)
Processing autoMPG object: AutoMPG(Plymouth, Fury, 1975, 18.0)
Processing autoMPG object: AutoMPG(Buick, Skyhawk, 1975, 21.0)
Processing autoMPG object: AutoMPG(Chevrolet, Monza 2+2, 1975, 20.0)
Processing autoMPG object: AutoMPG(Ford, Mustang Ii, 1975, 13.0)
Processing autoMPG object: AutoMPG(Toyota, Corolla, 1975, 29.0)
Processing autoMPG object: AutoMPG(Ford, Pinto, 1975, 23.0)
Processing autoMPG object: AutoMPG(Amc, Gremlin, 1975, 20.0)
Processing autoMPG object: AutoMPG(Pontiac, Astro, 1975, 23.0)
Processing autoMPG object: AutoMPG(Toyota, Corona, 1975, 24.0)
Processing autoMPG object: AutoMPG(Volkswagen, Dasher, 1975, 25.0)
Processing autoMPG object: AutoMPG(Datsun, 710, 1975, 24.0)
Processing autoMPG object: AutoMPG(Ford, Pinto, 1975, 18.0)
Processing autoMPG object: AutoMPG(Volkswagen, Rabbit, 1975, 29.0)
Processing autoMPG object: AutoMPG(Amc, Pacer, 1975, 19.0)
Processing autoMPG object: AutoMPG(Audi, 100Ls, 1975, 23.0)
Processing autoMPG object: AutoMPG(Peugeot, 504, 1975, 23.0)
Processing autoMPG object: AutoMPG(Volvo, 244Dl, 1975, 22.0)
Processing autoMPG object: AutoMPG(Saab, 99Le, 1975, 25.0)
Processing autoMPG object: AutoMPG(Honda, Civic Cvcc, 1975, 33.0)
Processing autoMPG object: AutoMPG(Fiat, 131, 1976, 28.0)
Processing autoMPG object: AutoMPG(Opel, 1900, 1976, 25.0)
Processing autoMPG object: AutoMPG(Capri, Ii, 1976, 25.0)
Processing autoMPG object: AutoMPG(Dodge, Colt, 1976, 26.0)
Processing autoMPG object: AutoMPG(Renault, 12Tl, 1976, 27.0)
Processing autoMPG object: AutoMPG(Chevrolet, Chevelle Malibu Classic, 1976, 17.5)
Processing autoMPG object: AutoMPG(Dodge, Coronet Brougham, 1976, 16.0)
Processing autoMPG object: AutoMPG(Amc, Matador, 1976, 15.5)
Processing autoMPG object: AutoMPG(Ford, Gran Torino, 1976, 14.5)
Processing autoMPG object: AutoMPG(Plymouth, Valiant, 1976, 22.0)
Processing autoMPG object: AutoMPG(Chevrolet, Nova, 1976, 22.0)
Processing autoMPG object: AutoMPG(Ford, Maverick, 1976, 24.0)
Processing autoMPG object: AutoMPG(Amc, Hornet, 1976, 22.5)
Processing autoMPG object: AutoMPG(Chevrolet, Chevette, 1976, 29.0)
Processing autoMPG object: AutoMPG(Chevrolet, Woody, 1976, 24.5)
Processing autoMPG object: AutoMPG(Volkswagen, Rabbit, 1976, 29.0)
Processing autoMPG object: AutoMPG(Honda, Civic, 1976, 33.0)
Processing autoMPG object: AutoMPG(Dodge, Aspen Se, 1976, 20.0)
Processing autoMPG object: AutoMPG(Ford, Granada Ghia, 1976, 18.0)
Processing autoMPG object: AutoMPG(Pontiac, Ventura Sj, 1976, 18.5)
Processing autoMPG object: AutoMPG(Amc, Pacer D/L, 1976, 17.5)
Processing autoMPG object: AutoMPG(Volkswagen, Rabbit, 1976, 29.5)
Processing autoMPG object: AutoMPG(Datsun, B-210, 1976, 32.0)
Processing autoMPG object: AutoMPG(Toyota, Corolla, 1976, 28.0)
Processing autoMPG object: AutoMPG(Ford, Pinto, 1976, 26.5)
Processing autoMPG object: AutoMPG(Volvo, 245, 1976, 20.0)
Processing autoMPG object: AutoMPG(Plymouth, Volare Premier V8, 1976, 13.0)
Processing autoMPG object: AutoMPG(Peugeot, 504, 1976, 19.0)
Processing autoMPG object: AutoMPG(Toyota, Mark Ii, 1976, 19.0)
Processing autoMPG object: AutoMPG(Mercedes, 280S, 1976, 16.5)
Processing autoMPG object: AutoMPG(Cadillac, Seville, 1976, 16.5)
Processing autoMPG object: AutoMPG(Chevrolet, C10, 1976, 13.0)
Processing autoMPG object: AutoMPG(Ford, F108, 1976, 13.0)
Processing autoMPG object: AutoMPG(Dodge, D100, 1976, 13.0)
Processing autoMPG object: AutoMPG(Honda, Accord Cvcc, 1977, 31.5)
Processing autoMPG object: AutoMPG(Buick, Opel Isuzu Deluxe, 1977, 30.0)
Processing autoMPG object: AutoMPG(Renault, 5 Gtl, 1977, 36.0)
Processing autoMPG object: AutoMPG(Plymouth, Arrow Gs, 1977, 25.5)
Processing autoMPG object: AutoMPG(Datsun, F-10 Hatchback, 1977, 33.5)
Processing autoMPG object: AutoMPG(Chevrolet, Caprice Classic, 1977, 17.5)
Processing autoMPG object: AutoMPG(Oldsmobile, Cutlass Supreme, 1977, 17.0)
Processing autoMPG object: AutoMPG(Dodge, Monaco Brougham, 1977, 15.5)
Processing autoMPG object: AutoMPG(Mercury, Cougar Brougham, 1977, 15.0)
Processing autoMPG object: AutoMPG(Chevrolet, Concours, 1977, 17.5)
Processing autoMPG object: AutoMPG(Buick, Skylark, 1977, 20.5)
Processing autoMPG object: AutoMPG(Plymouth, Volare Custom, 1977, 19.0)
Processing autoMPG object: AutoMPG(Ford, Granada, 1977, 18.5)
Processing autoMPG object: AutoMPG(Pontiac, Grand Prix Lj, 1977, 16.0)
Processing autoMPG object: AutoMPG(Chevrolet, Monte Carlo Landau, 1977, 15.5)
Processing autoMPG object: AutoMPG(Chrysler, Cordoba, 1977, 15.5)
Processing autoMPG object: AutoMPG(Ford, Thunderbird, 1977, 16.0)
Processing autoMPG object: AutoMPG(Volkswagen, Rabbit Custom, 1977, 29.0)
Processing autoMPG object: AutoMPG(Pontiac, Sunbird Coupe, 1977, 24.5)
Processing autoMPG object: AutoMPG(Toyota, Corolla Liftback, 1977, 26.0)
Processing autoMPG object: AutoMPG(Ford, Mustang Ii 2+2, 1977, 25.5)
Processing autoMPG object: AutoMPG(Chevrolet, Chevette, 1977, 30.5)
Processing autoMPG object: AutoMPG(Dodge, Colt M/M, 1977, 33.5)
Processing autoMPG object: AutoMPG(Subaru, Dl, 1977, 30.0)
Processing autoMPG object: AutoMPG(Volkswagen, Dasher, 1977, 30.5)
Processing autoMPG object: AutoMPG(Datsun, 810, 1977, 22.0)
Processing autoMPG object: AutoMPG(Bmw, 320I, 1977, 21.5)
Processing autoMPG object: AutoMPG(Mazda, Rx-4, 1977, 21.5)
Processing autoMPG object: AutoMPG(Volkswagen, Rabbit Custom Diesel, 1978, 43.1)
Processing autoMPG object: AutoMPG(Ford, Fiesta, 1978, 36.1)
Processing autoMPG object: AutoMPG(Mazda, Glc Deluxe, 1978, 32.8)
Processing autoMPG object: AutoMPG(Datsun, B210 Gx, 1978, 39.4)
Processing autoMPG object: AutoMPG(Honda, Civic Cvcc, 1978, 36.1)
Processing autoMPG object: AutoMPG(Oldsmobile, Cutlass Salon Brougham, 1978, 19.9)
Processing autoMPG object: AutoMPG(Dodge, Diplomat, 1978, 19.4)
Processing autoMPG object: AutoMPG(Mercury, Monarch Ghia, 1978, 20.2)
Processing autoMPG object: AutoMPG(Pontiac, Phoenix Lj, 1978, 19.2)
Processing autoMPG object: AutoMPG(Chevrolet, Malibu, 1978, 20.5)
Processing autoMPG object: AutoMPG(Ford, Fairmont (Auto), 1978, 20.2)
Processing autoMPG object: AutoMPG(Ford, Fairmont (Man), 1978, 25.1)
Processing autoMPG object: AutoMPG(Plymouth, Volare, 1978, 20.5)
Processing autoMPG object: AutoMPG(Amc, Concord, 1978, 19.4)
Processing autoMPG object: AutoMPG(Buick, Century Special, 1978, 20.6)
Processing autoMPG object: AutoMPG(Mercury, Zephyr, 1978, 20.8)
Processing autoMPG object: AutoMPG(Dodge, Aspen, 1978, 18.6)
Processing autoMPG object: AutoMPG(Amc, Concord D/L, 1978, 18.1)
Processing autoMPG object: AutoMPG(Chevrolet, Monte Carlo Landau, 1978, 19.2)
Processing autoMPG object: AutoMPG(Buick, Regal Sport Coupe (Turbo), 1978, 17.7)
Processing autoMPG object: AutoMPG(Ford, Futura, 1978, 18.1)
Processing autoMPG object: AutoMPG(Dodge, Magnum Xe, 1978, 17.5)
Processing autoMPG object: AutoMPG(Chevrolet, Chevette, 1978, 30.0)
Processing autoMPG object: AutoMPG(Toyota, Corona, 1978, 27.5)
Processing autoMPG object: AutoMPG(Datsun, 510, 1978, 27.2)
Processing autoMPG object: AutoMPG(Dodge, Omni, 1978, 30.9)
Processing autoMPG object: AutoMPG(Toyota, Celica Gt Liftback, 1978, 21.1)
Processing autoMPG object: AutoMPG(Plymouth, Sapporo, 1978, 23.2)
Processing autoMPG object: AutoMPG(Oldsmobile, Starfire Sx, 1978, 23.8)
Processing autoMPG object: AutoMPG(Datsun, 200-Sx, 1978, 23.9)
Processing autoMPG object: AutoMPG(Audi, 5000, 1978, 20.3)
Processing autoMPG object: AutoMPG(Volvo, 264Gl, 1978, 17.0)
Processing autoMPG object: AutoMPG(Saab, 99Gle, 1978, 21.6)
Processing autoMPG object: AutoMPG(Peugeot, 604Sl, 1978, 16.2)
Processing autoMPG object: AutoMPG(Volkswagen, Scirocco, 1978, 31.5)
Processing autoMPG object: AutoMPG(Honda, Accord Lx, 1978, 29.5)
Processing autoMPG object: AutoMPG(Pontiac, Lemans V6, 1979, 21.5)
Processing autoMPG object: AutoMPG(Mercury, Zephyr 6, 1979, 19.8)
Processing autoMPG object: AutoMPG(Ford, Fairmont 4, 1979, 22.3)
Processing autoMPG object: AutoMPG(Amc, Concord Dl 6, 1979, 20.2)
Processing autoMPG object: AutoMPG(Dodge, Aspen 6, 1979, 20.6)
Processing autoMPG object: AutoMPG(Chevrolet, Caprice Classic, 1979, 17.0)
Processing autoMPG object: AutoMPG(Ford, Ltd Landau, 1979, 17.6)
Processing autoMPG object: AutoMPG(Mercury, Grand Marquis, 1979, 16.5)
Processing autoMPG object: AutoMPG(Dodge, St. Regis, 1979, 18.2)
Processing autoMPG object: AutoMPG(Buick, Estate Wagon (Sw), 1979, 16.9)
Processing autoMPG object: AutoMPG(Ford, Country Squire (Sw), 1979, 15.5)
Processing autoMPG object: AutoMPG(Chevrolet, Malibu Classic (Sw), 1979, 19.2)
Processing autoMPG object: AutoMPG(Chrysler, Lebaron Town @ Country (Sw), 1979, 18.5)
Processing autoMPG object: AutoMPG(Volkswagen, Rabbit Custom, 1979, 31.9)
Processing autoMPG object: AutoMPG(Mazda, Glc Deluxe, 1979, 34.1)
Processing autoMPG object: AutoMPG(Dodge, Colt Hatchback Custom, 1979, 35.7)
Processing autoMPG object: AutoMPG(Amc, Spirit Dl, 1979, 27.4)
Processing autoMPG object: AutoMPG(Mercedes, Benz 300D, 1979, 25.4)
Processing autoMPG object: AutoMPG(Cadillac, Eldorado, 1979, 23.0)
Processing autoMPG object: AutoMPG(Peugeot, 504, 1979, 27.2)
Processing autoMPG object: AutoMPG(Oldsmobile, Cutlass Salon Brougham, 1979, 23.9)
Processing autoMPG object: AutoMPG(Plymouth, Horizon, 1979, 34.2)
Processing autoMPG object: AutoMPG(Plymouth, Horizon Tc3, 1979, 34.5)
Processing autoMPG object: AutoMPG(Datsun, 210, 1979, 31.8)
Processing autoMPG object: AutoMPG(Fiat, Strada Custom, 1979, 37.3)
Processing autoMPG object: AutoMPG(Buick, Skylark Limited, 1979, 28.4)
Processing autoMPG object: AutoMPG(Chevrolet, Citation, 1979, 28.8)
Processing autoMPG object: AutoMPG(Oldsmobile, Omega Brougham, 1979, 26.8)
Processing autoMPG object: AutoMPG(Pontiac, Phoenix, 1979, 33.5)
Processing autoMPG object: AutoMPG(Volkswagen, Rabbit, 1980, 41.5)
Processing autoMPG object: AutoMPG(Toyota, Corolla Tercel, 1980, 38.1)
Processing autoMPG object: AutoMPG(Chevrolet, Chevette, 1980, 32.1)
Processing autoMPG object: AutoMPG(Datsun, 310, 1980, 37.2)
Processing autoMPG object: AutoMPG(Chevrolet, Citation, 1980, 28.0)
Processing autoMPG object: AutoMPG(Ford, Fairmont, 1980, 26.4)
Processing autoMPG object: AutoMPG(Amc, Concord, 1980, 24.3)
Processing autoMPG object: AutoMPG(Dodge, Aspen, 1980, 19.1)
Processing autoMPG object: AutoMPG(Audi, 4000, 1980, 34.3)
Processing autoMPG object: AutoMPG(Toyota, Corona Liftback, 1980, 29.8)
Processing autoMPG object: AutoMPG(Mazda, 626, 1980, 31.3)
Processing autoMPG object: AutoMPG(Datsun, 510 Hatchback, 1980, 37.0)
Processing autoMPG object: AutoMPG(Toyota, Corolla, 1980, 32.2)
Processing autoMPG object: AutoMPG(Mazda, Glc, 1980, 46.6)
Processing autoMPG object: AutoMPG(Dodge, Colt, 1980, 27.9)
Processing autoMPG object: AutoMPG(Datsun, 210, 1980, 40.8)
Processing autoMPG object: AutoMPG(Volkswagen, Rabbit C (Diesel), 1980, 44.3)
Processing autoMPG object: AutoMPG(Volkswagen, Dasher (Diesel), 1980, 43.4)
Processing autoMPG object: AutoMPG(Audi, 5000S (Diesel), 1980, 36.4)
Processing autoMPG object: AutoMPG(Mercedes, 240D, 1980, 30.0)
Processing autoMPG object: AutoMPG(Honda, Civic 1500 Gl, 1980, 44.6)
Processing autoMPG object: AutoMPG(Renault, Lecar Deluxe, 1980, 40.9)
Processing autoMPG object: AutoMPG(Subaru, Dl, 1980, 33.8)
Processing autoMPG object: AutoMPG(Volkswagen, Rabbit, 1980, 29.8)
Processing autoMPG object: AutoMPG(Datsun, 280-Zx, 1980, 32.7)
Processing autoMPG object: AutoMPG(Mazda, Rx-7 Gs, 1980, 23.7)
Processing autoMPG object: AutoMPG(Triumph, Tr7 Coupe, 1980, 35.0)
Processing autoMPG object: AutoMPG(Ford, Mustang Cobra, 1980, 23.6)
Processing autoMPG object: AutoMPG(Honda, Accord, 1980, 32.4)
Processing autoMPG object: AutoMPG(Plymouth, Reliant, 1981, 27.2)
Processing autoMPG object: AutoMPG(Buick, Skylark, 1981, 26.6)
Processing autoMPG object: AutoMPG(Dodge, Aries Wagon (Sw), 1981, 25.8)
Processing autoMPG object: AutoMPG(Chevrolet, Citation, 1981, 23.5)
Processing autoMPG object: AutoMPG(Plymouth, Reliant, 1981, 30.0)
Processing autoMPG object: AutoMPG(Toyota, Starlet, 1981, 39.1)
Processing autoMPG object: AutoMPG(Plymouth, Champ, 1981, 39.0)
Processing autoMPG object: AutoMPG(Honda, Civic 1300, 1981, 35.1)
Processing autoMPG object: AutoMPG(Subaru, , 1981, 32.3)
Processing autoMPG object: AutoMPG(Datsun, 210 Mpg, 1981, 37.0)
Processing autoMPG object: AutoMPG(Toyota, Tercel, 1981, 37.7)
Processing autoMPG object: AutoMPG(Mazda, Glc 4, 1981, 34.1)
Processing autoMPG object: AutoMPG(Plymouth, Horizon 4, 1981, 34.7)
Processing autoMPG object: AutoMPG(Ford, Escort 4W, 1981, 34.4)
Processing autoMPG object: AutoMPG(Ford, Escort 2H, 1981, 29.9)
Processing autoMPG object: AutoMPG(Volkswagen, Jetta, 1981, 33.0)
Processing autoMPG object: AutoMPG(Renault, 18I, 1981, 34.5)
Processing autoMPG object: AutoMPG(Honda, Prelude, 1981, 33.7)
Processing autoMPG object: AutoMPG(Toyota, Corolla, 1981, 32.4)
Processing autoMPG object: AutoMPG(Datsun, 200Sx, 1981, 32.9)
Processing autoMPG object: AutoMPG(Mazda, 626, 1981, 31.6)
Processing autoMPG object: AutoMPG(Peugeot, 505S Turbo Diesel, 1981, 28.1)
Processing autoMPG object: AutoMPG(Volvo, Diesel, 1981, 30.7)
Processing autoMPG object: AutoMPG(Toyota, Cressida, 1981, 25.4)
Processing autoMPG object: AutoMPG(Datsun, 810 Maxima, 1981, 24.2)
Processing autoMPG object: AutoMPG(Buick, Century, 1981, 22.4)
Processing autoMPG object: AutoMPG(Oldsmobile, Cutlass Ls, 1981, 26.6)
Processing autoMPG object: AutoMPG(Ford, Granada Gl, 1981, 20.2)
Processing autoMPG object: AutoMPG(Chrysler, Lebaron Salon, 1981, 17.6)
Processing autoMPG object: AutoMPG(Chevrolet, Cavalier, 1982, 28.0)
Processing autoMPG object: AutoMPG(Chevrolet, Cavalier Wagon, 1982, 27.0)
Processing autoMPG object: AutoMPG(Chevrolet, Cavalier 2-Door, 1982, 34.0)
Processing autoMPG object: AutoMPG(Pontiac, J2000 Se Hatchback, 1982, 31.0)
Processing autoMPG object: AutoMPG(Dodge, Aries Se, 1982, 29.0)
Processing autoMPG object: AutoMPG(Pontiac, Phoenix, 1982, 27.0)
Processing autoMPG object: AutoMPG(Ford, Fairmont Futura, 1982, 24.0)
Processing autoMPG object: AutoMPG(Amc, Concord Dl, 1982, 23.0)
Processing autoMPG object: AutoMPG(Volkswagen, Rabbit L, 1982, 36.0)
Processing autoMPG object: AutoMPG(Mazda, Glc Custom L, 1982, 37.0)
Processing autoMPG object: AutoMPG(Mazda, Glc Custom, 1982, 31.0)
Processing autoMPG object: AutoMPG(Plymouth, Horizon Miser, 1982, 38.0)
Processing autoMPG object: AutoMPG(Mercury, Lynx L, 1982, 36.0)
Processing autoMPG object: AutoMPG(Nissan, Stanza Xe, 1982, 36.0)
Processing autoMPG object: AutoMPG(Honda, Accord, 1982, 36.0)
Processing autoMPG object: AutoMPG(Toyota, Corolla, 1982, 34.0)
Processing autoMPG object: AutoMPG(Honda, Civic, 1982, 38.0)
Processing autoMPG object: AutoMPG(Honda, Civic (Auto), 1982, 32.0)
Processing autoMPG object: AutoMPG(Datsun, 310 Gx, 1982, 38.0)
Processing autoMPG object: AutoMPG(Buick, Century Limited, 1982, 25.0)
Processing autoMPG object: AutoMPG(Oldsmobile, Cutlass Ciera (Diesel), 1982, 38.0)
Processing autoMPG object: AutoMPG(Chrysler, Lebaron Medallion, 1982, 26.0)
Processing autoMPG object: AutoMPG(Ford, Granada L, 1982, 22.0)
Processing autoMPG object: AutoMPG(Toyota, Celica Gt, 1982, 32.0)
Processing autoMPG object: AutoMPG(Dodge, Charger 2.2, 1982, 36.0)
Processing autoMPG object: AutoMPG(Chevrolet, Camaro, 1982, 27.0)
Processing autoMPG object: AutoMPG(Ford, Mustang Gl, 1982, 27.0)
Processing autoMPG object: AutoMPG(Volkswagen, Pickup, 1982, 44.0)
Processing autoMPG object: AutoMPG(Dodge, Rampage, 1982, 32.0)
Processing autoMPG object: AutoMPG(Ford, Ranger, 1982, 28.0)
Processing autoMPG object: AutoMPG(Chevrolet, S-10, 1982, 31.0)
Sucessfully processed autoMPG Data!
AutoMPGData object initialized.
Processing autoMPG object: AutoMPG(Chevrolet, Chevelle Malibu, 1970, 18.0)
Processing autoMPG object: AutoMPG(Buick, Skylark 320, 1970, 15.0)
Processing autoMPG object: AutoMPG(Plymouth, Satellite, 1970, 18.0)
Processing autoMPG object: AutoMPG(Amc, Rebel Sst, 1970, 16.0)
Processing autoMPG object: AutoMPG(Ford, Torino, 1970, 17.0)
Processing autoMPG object: AutoMPG(Ford, Galaxie 500, 1970, 15.0)
Processing autoMPG object: AutoMPG(Chevrolet, Impala, 1970, 14.0)
Processing autoMPG object: AutoMPG(Plymouth, Fury Iii, 1970, 14.0)
Processing autoMPG object: AutoMPG(Pontiac, Catalina, 1970, 14.0)
Processing autoMPG object: AutoMPG(Amc, Ambassador Dpl, 1970, 15.0)
Processing autoMPG object: AutoMPG(Dodge, Challenger Se, 1970, 15.0)
Processing autoMPG object: AutoMPG(Plymouth, 'Cuda 340, 1970, 14.0)
Processing autoMPG object: AutoMPG(Chevrolet, Monte Carlo, 1970, 15.0)
Processing autoMPG object: AutoMPG(Buick, Estate Wagon (Sw), 1970, 14.0)
Processing autoMPG object: AutoMPG(Toyota, Corona Mark Ii, 1970, 24.0)
Processing autoMPG object: AutoMPG(Plymouth, Duster, 1970, 22.0)
Processing autoMPG object: AutoMPG(Amc, Hornet, 1970, 18.0)
Processing autoMPG object: AutoMPG(Ford, Maverick, 1970, 21.0)
Processing autoMPG object: AutoMPG(Datsun, Pl510, 1970, 27.0)
Processing autoMPG object: AutoMPG(Volkswagen, 1131 Deluxe Sedan, 1970, 26.0)
Processing autoMPG object: AutoMPG(Peugeot, 504, 1970, 25.0)
Processing autoMPG object: AutoMPG(Audi, 100 Ls, 1970, 24.0)
Processing autoMPG object: AutoMPG(Saab, 99E, 1970, 25.0)
Processing autoMPG object: AutoMPG(Bmw, 2002, 1970, 26.0)
Processing autoMPG object: AutoMPG(Amc, Gremlin, 1970, 21.0)
Processing autoMPG object: AutoMPG(Ford, F250, 1970, 10.0)
Processing autoMPG object: AutoMPG(Chevrolet, C20, 1970, 10.0)
Processing autoMPG object: AutoMPG(Dodge, D200, 1970, 11.0)
Processing autoMPG object: AutoMPG(Hi, 1200D, 1970, 9.0)
Processing autoMPG object: AutoMPG(Datsun, Pl510, 1971, 27.0)
Processing autoMPG object: AutoMPG(Chevrolet, Vega 2300, 1971, 28.0)
Processing autoMPG object: AutoMPG(Toyota, Corona, 1971, 25.0)
Processing autoMPG object: AutoMPG(Ford, Pinto, 1971, 25.0)
Processing autoMPG object: AutoMPG(Amc, Gremlin, 1971, 19.0)
Processing autoMPG object: AutoMPG(Plymouth, Satellite Custom, 1971, 16.0)
Processing autoMPG object: AutoMPG(Chevrolet, Chevelle Malibu, 1971, 17.0)
Processing autoMPG object: AutoMPG(Ford, Torino 500, 1971, 19.0)
Processing autoMPG object: AutoMPG(Amc, Matador, 1971, 18.0)
Processing autoMPG object: AutoMPG(Chevrolet, Impala, 1971, 14.0)
Processing autoMPG object: AutoMPG(Pontiac, Catalina Brougham, 1971, 14.0)
Processing autoMPG object: AutoMPG(Ford, Galaxie 500, 1971, 14.0)
Processing autoMPG object: AutoMPG(Plymouth, Fury Iii, 1971, 14.0)
Processing autoMPG object: AutoMPG(Dodge, Monaco (Sw), 1971, 12.0)
Processing autoMPG object: AutoMPG(Ford, Country Squire (Sw), 1971, 13.0)
Processing autoMPG object: AutoMPG(Pontiac, Safari (Sw), 1971, 13.0)
Processing autoMPG object: AutoMPG(Amc, Hornet Sportabout (Sw), 1971, 18.0)
Processing autoMPG object: AutoMPG(Chevrolet, Vega (Sw), 1971, 22.0)
Processing autoMPG object: AutoMPG(Pontiac, Firebird, 1971, 19.0)
Processing autoMPG object: AutoMPG(Ford, Mustang, 1971, 18.0)
Processing autoMPG object: AutoMPG(Mercury, Capri 2000, 1971, 23.0)
Processing autoMPG object: AutoMPG(Opel, 1900, 1971, 28.0)
Processing autoMPG object: AutoMPG(Peugeot, 304, 1971, 30.0)
Processing autoMPG object: AutoMPG(Fiat, 124B, 1971, 30.0)
Processing autoMPG object: AutoMPG(Toyota, Corolla 1200, 1971, 31.0)
Processing autoMPG object: AutoMPG(Datsun, 1200, 1971, 35.0)
Processing autoMPG object: AutoMPG(Volkswagen, Model 111, 1971, 27.0)
Processing autoMPG object: AutoMPG(Plymouth, Cricket, 1971, 26.0)
Processing autoMPG object: AutoMPG(Toyota, Corona Hardtop, 1972, 24.0)
Processing autoMPG object: AutoMPG(Dodge, Colt Hardtop, 1972, 25.0)
Processing autoMPG object: AutoMPG(Volkswagen, Type 3, 1972, 23.0)
Processing autoMPG object: AutoMPG(Chevrolet, Vega, 1972, 20.0)
Processing autoMPG object: AutoMPG(Ford, Pinto Runabout, 1972, 21.0)
Processing autoMPG object: AutoMPG(Chevrolet, Impala, 1972, 13.0)
Processing autoMPG object: AutoMPG(Pontiac, Catalina, 1972, 14.0)
Processing autoMPG object: AutoMPG(Plymouth, Fury Iii, 1972, 15.0)
Processing autoMPG object: AutoMPG(Ford, Galaxie 500, 1972, 14.0)
Processing autoMPG object: AutoMPG(Amc, Ambassador Sst, 1972, 17.0)
Processing autoMPG object: AutoMPG(Mercury, Marquis, 1972, 11.0)
Processing autoMPG object: AutoMPG(Buick, Lesabre Custom, 1972, 13.0)
Processing autoMPG object: AutoMPG(Oldsmobile, Delta 88 Royale, 1972, 12.0)
Processing autoMPG object: AutoMPG(Chrysler, Newport Royal, 1972, 13.0)
Processing autoMPG object: AutoMPG(Mazda, Rx2 Coupe, 1972, 19.0)
Processing autoMPG object: AutoMPG(Amc, Matador (Sw), 1972, 15.0)
Processing autoMPG object: AutoMPG(Chevrolet, Chevelle Concours (Sw), 1972, 13.0)
Processing autoMPG object: AutoMPG(Ford, Gran Torino (Sw), 1972, 13.0)
Processing autoMPG object: AutoMPG(Plymouth, Satellite Custom (Sw), 1972, 14.0)
Processing autoMPG object: AutoMPG(Volvo, 145E (Sw), 1972, 18.0)
Processing autoMPG object: AutoMPG(Volkswagen, 411 (Sw), 1972, 22.0)
Processing autoMPG object: AutoMPG(Peugeot, 504 (Sw), 1972, 21.0)
Processing autoMPG object: AutoMPG(Renault, 12 (Sw), 1972, 26.0)
Processing autoMPG object: AutoMPG(Ford, Pinto (Sw), 1972, 22.0)
Processing autoMPG object: AutoMPG(Datsun, 510 (Sw), 1972, 28.0)
Processing autoMPG object: AutoMPG(Toyota, Corona Mark Ii (Sw), 1972, 23.0)
Processing autoMPG object: AutoMPG(Dodge, Colt (Sw), 1972, 28.0)
Processing autoMPG object: AutoMPG(Toyota, Corolla 1600 (Sw), 1972, 27.0)
Processing autoMPG object: AutoMPG(Buick, Century 350, 1973, 13.0)
Processing autoMPG object: AutoMPG(Amc, Matador, 1973, 14.0)
Processing autoMPG object: AutoMPG(Chevrolet, Malibu, 1973, 13.0)
Processing autoMPG object: AutoMPG(Ford, Gran Torino, 1973, 14.0)
Processing autoMPG object: AutoMPG(Dodge, Coronet Custom, 1973, 15.0)
Processing autoMPG object: AutoMPG(Mercury, Marquis Brougham, 1973, 12.0)
Processing autoMPG object: AutoMPG(Chevrolet, Caprice Classic, 1973, 13.0)
Processing autoMPG object: AutoMPG(Ford, Ltd, 1973, 13.0)
Processing autoMPG object: AutoMPG(Plymouth, Fury Gran Sedan, 1973, 14.0)
Processing autoMPG object: AutoMPG(Chrysler, New Yorker Brougham, 1973, 13.0)
Processing autoMPG object: AutoMPG(Buick, Electra 225 Custom, 1973, 12.0)
Processing autoMPG object: AutoMPG(Amc, Ambassador Brougham, 1973, 13.0)
Processing autoMPG object: AutoMPG(Plymouth, Valiant, 1973, 18.0)
Processing autoMPG object: AutoMPG(Chevrolet, Nova Custom, 1973, 16.0)
Processing autoMPG object: AutoMPG(Amc, Hornet, 1973, 18.0)
Processing autoMPG object: AutoMPG(Ford, Maverick, 1973, 18.0)
Processing autoMPG object: AutoMPG(Plymouth, Duster, 1973, 23.0)
Processing autoMPG object: AutoMPG(Volkswagen, Super Beetle, 1973, 26.0)
Processing autoMPG object: AutoMPG(Chevrolet, Impala, 1973, 11.0)
Processing autoMPG object: AutoMPG(Ford, Country, 1973, 12.0)
Processing autoMPG object: AutoMPG(Plymouth, Custom Suburb, 1973, 13.0)
Processing autoMPG object: AutoMPG(Oldsmobile, Vista Cruiser, 1973, 12.0)
Processing autoMPG object: AutoMPG(Amc, Gremlin, 1973, 18.0)
Processing autoMPG object: AutoMPG(Toyota, Carina, 1973, 20.0)
Processing autoMPG object: AutoMPG(Chevrolet, Vega, 1973, 21.0)
Processing autoMPG object: AutoMPG(Datsun, 610, 1973, 22.0)
Processing autoMPG object: AutoMPG(Mazda, Rx3, 1973, 18.0)
Processing autoMPG object: AutoMPG(Ford, Pinto, 1973, 19.0)
Processing autoMPG object: AutoMPG(Mercury, Capri V6, 1973, 21.0)
Processing autoMPG object: AutoMPG(Fiat, 124 Sport Coupe, 1973, 26.0)
Processing autoMPG object: AutoMPG(Chevrolet, Monte Carlo S, 1973, 15.0)
Processing autoMPG object: AutoMPG(Pontiac, Grand Prix, 1973, 16.0)
Processing autoMPG object: AutoMPG(Fiat, 128, 1973, 29.0)
Processing autoMPG object: AutoMPG(Opel, Manta, 1973, 24.0)
Processing autoMPG object: AutoMPG(Audi, 100Ls, 1973, 20.0)
Processing autoMPG object: AutoMPG(Volvo, 144Ea, 1973, 19.0)
Processing autoMPG object: AutoMPG(Dodge, Dart Custom, 1973, 15.0)
Processing autoMPG object: AutoMPG(Saab, 99Le, 1973, 24.0)
Processing autoMPG object: AutoMPG(Toyota, Mark Ii, 1973, 20.0)
Processing autoMPG object: AutoMPG(Oldsmobile, Omega, 1973, 11.0)
Processing autoMPG object: AutoMPG(Plymouth, Duster, 1974, 20.0)
Processing autoMPG object: AutoMPG(Ford, Maverick, 1974, 21.0)
Processing autoMPG object: AutoMPG(Amc, Hornet, 1974, 19.0)
Processing autoMPG object: AutoMPG(Chevrolet, Nova, 1974, 15.0)
Processing autoMPG object: AutoMPG(Datsun, B210, 1974, 31.0)
Processing autoMPG object: AutoMPG(Ford, Pinto, 1974, 26.0)
Processing autoMPG object: AutoMPG(Toyota, Corolla 1200, 1974, 32.0)
Processing autoMPG object: AutoMPG(Chevrolet, Vega, 1974, 25.0)
Processing autoMPG object: AutoMPG(Chevrolet, Chevelle Malibu Classic, 1974, 16.0)
Processing autoMPG object: AutoMPG(Amc, Matador, 1974, 16.0)
Processing autoMPG object: AutoMPG(Plymouth, Satellite Sebring, 1974, 18.0)
Processing autoMPG object: AutoMPG(Ford, Gran Torino, 1974, 16.0)
Processing autoMPG object: AutoMPG(Buick, Century Luxus (Sw), 1974, 13.0)
Processing autoMPG object: AutoMPG(Dodge, Coronet Custom (Sw), 1974, 14.0)
Processing autoMPG object: AutoMPG(Ford, Gran Torino (Sw), 1974, 14.0)
Processing autoMPG object: AutoMPG(Amc, Matador (Sw), 1974, 14.0)
Processing autoMPG object: AutoMPG(Audi, Fox, 1974, 29.0)
Processing autoMPG object: AutoMPG(Volkswagen, Dasher, 1974, 26.0)
Processing autoMPG object: AutoMPG(Opel, Manta, 1974, 26.0)
Processing autoMPG object: AutoMPG(Toyota, Corona, 1974, 31.0)
Processing autoMPG object: AutoMPG(Datsun, 710, 1974, 32.0)
Processing autoMPG object: AutoMPG(Dodge, Colt, 1974, 28.0)
Processing autoMPG object: AutoMPG(Fiat, 128, 1974, 24.0)
Processing autoMPG object: AutoMPG(Fiat, 124 Tc, 1974, 26.0)
Processing autoMPG object: AutoMPG(Honda, Civic, 1974, 24.0)
Processing autoMPG object: AutoMPG(Subaru, , 1974, 26.0)
Processing autoMPG object: AutoMPG(Fiat, X1.9, 1974, 31.0)
Processing autoMPG object: AutoMPG(Plymouth, Valiant Custom, 1975, 19.0)
Processing autoMPG object: AutoMPG(Chevrolet, Nova, 1975, 18.0)
Processing autoMPG object: AutoMPG(Mercury, Monarch, 1975, 15.0)
Processing autoMPG object: AutoMPG(Ford, Maverick, 1975, 15.0)
Processing autoMPG object: AutoMPG(Pontiac, Catalina, 1975, 16.0)
Processing autoMPG object: AutoMPG(Chevrolet, Bel Air, 1975, 15.0)
Processing autoMPG object: AutoMPG(Plymouth, Grand Fury, 1975, 16.0)
Processing autoMPG object: AutoMPG(Ford, Ltd, 1975, 14.0)
Processing autoMPG object: AutoMPG(Buick, Century, 1975, 17.0)
Processing autoMPG object: AutoMPG(Chevrolet, Chevelle Malibu, 1975, 16.0)
Processing autoMPG object: AutoMPG(Amc, Matador, 1975, 15.0)
Processing autoMPG object: AutoMPG(Plymouth, Fury, 1975, 18.0)
Processing autoMPG object: AutoMPG(Buick, Skyhawk, 1975, 21.0)
Processing autoMPG object: AutoMPG(Chevrolet, Monza 2+2, 1975, 20.0)
Processing autoMPG object: AutoMPG(Ford, Mustang Ii, 1975, 13.0)
Processing autoMPG object: AutoMPG(Toyota, Corolla, 1975, 29.0)
Processing autoMPG object: AutoMPG(Ford, Pinto, 1975, 23.0)
Processing autoMPG object: AutoMPG(Amc, Gremlin, 1975, 20.0)
Processing autoMPG object: AutoMPG(Pontiac, Astro, 1975, 23.0)
Processing autoMPG object: AutoMPG(Toyota, Corona, 1975, 24.0)
Processing autoMPG object: AutoMPG(Volkswagen, Dasher, 1975, 25.0)
Processing autoMPG object: AutoMPG(Datsun, 710, 1975, 24.0)
Processing autoMPG object: AutoMPG(Ford, Pinto, 1975, 18.0)
Processing autoMPG object: AutoMPG(Volkswagen, Rabbit, 1975, 29.0)
Processing autoMPG object: AutoMPG(Amc, Pacer, 1975, 19.0)
Processing autoMPG object: AutoMPG(Audi, 100Ls, 1975, 23.0)
Processing autoMPG object: AutoMPG(Peugeot, 504, 1975, 23.0)
Processing autoMPG object: AutoMPG(Volvo, 244Dl, 1975, 22.0)
Processing autoMPG object: AutoMPG(Saab, 99Le, 1975, 25.0)
Processing autoMPG object: AutoMPG(Honda, Civic Cvcc, 1975, 33.0)
Processing autoMPG object: AutoMPG(Fiat, 131, 1976, 28.0)
Processing autoMPG object: AutoMPG(Opel, 1900, 1976, 25.0)
Processing autoMPG object: AutoMPG(Capri, Ii, 1976, 25.0)
Processing autoMPG object: AutoMPG(Dodge, Colt, 1976, 26.0)
Processing autoMPG object: AutoMPG(Renault, 12Tl, 1976, 27.0)
Processing autoMPG object: AutoMPG(Chevrolet, Chevelle Malibu Classic, 1976, 17.5)
Processing autoMPG object: AutoMPG(Dodge, Coronet Brougham, 1976, 16.0)
Processing autoMPG object: AutoMPG(Amc, Matador, 1976, 15.5)
Processing autoMPG object: AutoMPG(Ford, Gran Torino, 1976, 14.5)
Processing autoMPG object: AutoMPG(Plymouth, Valiant, 1976, 22.0)
Processing autoMPG object: AutoMPG(Chevrolet, Nova, 1976, 22.0)
Processing autoMPG object: AutoMPG(Ford, Maverick, 1976, 24.0)
Processing autoMPG object: AutoMPG(Amc, Hornet, 1976, 22.5)
Processing autoMPG object: AutoMPG(Chevrolet, Chevette, 1976, 29.0)
Processing autoMPG object: AutoMPG(Chevrolet, Woody, 1976, 24.5)
Processing autoMPG object: AutoMPG(Volkswagen, Rabbit, 1976, 29.0)
Processing autoMPG object: AutoMPG(Honda, Civic, 1976, 33.0)
Processing autoMPG object: AutoMPG(Dodge, Aspen Se, 1976, 20.0)
Processing autoMPG object: AutoMPG(Ford, Granada Ghia, 1976, 18.0)
Processing autoMPG object: AutoMPG(Pontiac, Ventura Sj, 1976, 18.5)
Processing autoMPG object: AutoMPG(Amc, Pacer D/L, 1976, 17.5)
Processing autoMPG object: AutoMPG(Volkswagen, Rabbit, 1976, 29.5)
Processing autoMPG object: AutoMPG(Datsun, B-210, 1976, 32.0)
Processing autoMPG object: AutoMPG(Toyota, Corolla, 1976, 28.0)
Processing autoMPG object: AutoMPG(Ford, Pinto, 1976, 26.5)
Processing autoMPG object: AutoMPG(Volvo, 245, 1976, 20.0)
Processing autoMPG object: AutoMPG(Plymouth, Volare Premier V8, 1976, 13.0)
Processing autoMPG object: AutoMPG(Peugeot, 504, 1976, 19.0)
Processing autoMPG object: AutoMPG(Toyota, Mark Ii, 1976, 19.0)
Processing autoMPG object: AutoMPG(Mercedes, 280S, 1976, 16.5)
Processing autoMPG object: AutoMPG(Cadillac, Seville, 1976, 16.5)
Processing autoMPG object: AutoMPG(Chevrolet, C10, 1976, 13.0)
Processing autoMPG object: AutoMPG(Ford, F108, 1976, 13.0)
Processing autoMPG object: AutoMPG(Dodge, D100, 1976, 13.0)
Processing autoMPG object: AutoMPG(Honda, Accord Cvcc, 1977, 31.5)
Processing autoMPG object: AutoMPG(Buick, Opel Isuzu Deluxe, 1977, 30.0)
Processing autoMPG object: AutoMPG(Renault, 5 Gtl, 1977, 36.0)
Processing autoMPG object: AutoMPG(Plymouth, Arrow Gs, 1977, 25.5)
Processing autoMPG object: AutoMPG(Datsun, F-10 Hatchback, 1977, 33.5)
Processing autoMPG object: AutoMPG(Chevrolet, Caprice Classic, 1977, 17.5)
Processing autoMPG object: AutoMPG(Oldsmobile, Cutlass Supreme, 1977, 17.0)
Processing autoMPG object: AutoMPG(Dodge, Monaco Brougham, 1977, 15.5)
Processing autoMPG object: AutoMPG(Mercury, Cougar Brougham, 1977, 15.0)
Processing autoMPG object: AutoMPG(Chevrolet, Concours, 1977, 17.5)
Processing autoMPG object: AutoMPG(Buick, Skylark, 1977, 20.5)
Processing autoMPG object: AutoMPG(Plymouth, Volare Custom, 1977, 19.0)
Processing autoMPG object: AutoMPG(Ford, Granada, 1977, 18.5)
Processing autoMPG object: AutoMPG(Pontiac, Grand Prix Lj, 1977, 16.0)
Processing autoMPG object: AutoMPG(Chevrolet, Monte Carlo Landau, 1977, 15.5)
Processing autoMPG object: AutoMPG(Chrysler, Cordoba, 1977, 15.5)
Processing autoMPG object: AutoMPG(Ford, Thunderbird, 1977, 16.0)
Processing autoMPG object: AutoMPG(Volkswagen, Rabbit Custom, 1977, 29.0)
Processing autoMPG object: AutoMPG(Pontiac, Sunbird Coupe, 1977, 24.5)
Processing autoMPG object: AutoMPG(Toyota, Corolla Liftback, 1977, 26.0)
Processing autoMPG object: AutoMPG(Ford, Mustang Ii 2+2, 1977, 25.5)
Processing autoMPG object: AutoMPG(Chevrolet, Chevette, 1977, 30.5)
Processing autoMPG object: AutoMPG(Dodge, Colt M/M, 1977, 33.5)
Processing autoMPG object: AutoMPG(Subaru, Dl, 1977, 30.0)
Processing autoMPG object: AutoMPG(Volkswagen, Dasher, 1977, 30.5)
Processing autoMPG object: AutoMPG(Datsun, 810, 1977, 22.0)
Processing autoMPG object: AutoMPG(Bmw, 320I, 1977, 21.5)
Processing autoMPG object: AutoMPG(Mazda, Rx-4, 1977, 21.5)
Processing autoMPG object: AutoMPG(Volkswagen, Rabbit Custom Diesel, 1978, 43.1)
Processing autoMPG object: AutoMPG(Ford, Fiesta, 1978, 36.1)
Processing autoMPG object: AutoMPG(Mazda, Glc Deluxe, 1978, 32.8)
Processing autoMPG object: AutoMPG(Datsun, B210 Gx, 1978, 39.4)
Processing autoMPG object: AutoMPG(Honda, Civic Cvcc, 1978, 36.1)
Processing autoMPG object: AutoMPG(Oldsmobile, Cutlass Salon Brougham, 1978, 19.9)
Processing autoMPG object: AutoMPG(Dodge, Diplomat, 1978, 19.4)
Processing autoMPG object: AutoMPG(Mercury, Monarch Ghia, 1978, 20.2)
Processing autoMPG object: AutoMPG(Pontiac, Phoenix Lj, 1978, 19.2)
Processing autoMPG object: AutoMPG(Chevrolet, Malibu, 1978, 20.5)
Processing autoMPG object: AutoMPG(Ford, Fairmont (Auto), 1978, 20.2)
Processing autoMPG object: AutoMPG(Ford, Fairmont (Man), 1978, 25.1)
Processing autoMPG object: AutoMPG(Plymouth, Volare, 1978, 20.5)
Processing autoMPG object: AutoMPG(Amc, Concord, 1978, 19.4)
Processing autoMPG object: AutoMPG(Buick, Century Special, 1978, 20.6)
Processing autoMPG object: AutoMPG(Mercury, Zephyr, 1978, 20.8)
Processing autoMPG object: AutoMPG(Dodge, Aspen, 1978, 18.6)
Processing autoMPG object: AutoMPG(Amc, Concord D/L, 1978, 18.1)
Processing autoMPG object: AutoMPG(Chevrolet, Monte Carlo Landau, 1978, 19.2)
Processing autoMPG object: AutoMPG(Buick, Regal Sport Coupe (Turbo), 1978, 17.7)
Processing autoMPG object: AutoMPG(Ford, Futura, 1978, 18.1)
Processing autoMPG object: AutoMPG(Dodge, Magnum Xe, 1978, 17.5)
Processing autoMPG object: AutoMPG(Chevrolet, Chevette, 1978, 30.0)
Processing autoMPG object: AutoMPG(Toyota, Corona, 1978, 27.5)
Processing autoMPG object: AutoMPG(Datsun, 510, 1978, 27.2)
Processing autoMPG object: AutoMPG(Dodge, Omni, 1978, 30.9)
Processing autoMPG object: AutoMPG(Toyota, Celica Gt Liftback, 1978, 21.1)
Processing autoMPG object: AutoMPG(Plymouth, Sapporo, 1978, 23.2)
Processing autoMPG object: AutoMPG(Oldsmobile, Starfire Sx, 1978, 23.8)
Processing autoMPG object: AutoMPG(Datsun, 200-Sx, 1978, 23.9)
Processing autoMPG object: AutoMPG(Audi, 5000, 1978, 20.3)
Processing autoMPG object: AutoMPG(Volvo, 264Gl, 1978, 17.0)
Processing autoMPG object: AutoMPG(Saab, 99Gle, 1978, 21.6)
Processing autoMPG object: AutoMPG(Peugeot, 604Sl, 1978, 16.2)
Processing autoMPG object: AutoMPG(Volkswagen, Scirocco, 1978, 31.5)
Processing autoMPG object: AutoMPG(Honda, Accord Lx, 1978, 29.5)
Processing autoMPG object: AutoMPG(Pontiac, Lemans V6, 1979, 21.5)
Processing autoMPG object: AutoMPG(Mercury, Zephyr 6, 1979, 19.8)
Processing autoMPG object: AutoMPG(Ford, Fairmont 4, 1979, 22.3)
Processing autoMPG object: AutoMPG(Amc, Concord Dl 6, 1979, 20.2)
Processing autoMPG object: AutoMPG(Dodge, Aspen 6, 1979, 20.6)
Processing autoMPG object: AutoMPG(Chevrolet, Caprice Classic, 1979, 17.0)
Processing autoMPG object: AutoMPG(Ford, Ltd Landau, 1979, 17.6)
Processing autoMPG object: AutoMPG(Mercury, Grand Marquis, 1979, 16.5)
Processing autoMPG object: AutoMPG(Dodge, St. Regis, 1979, 18.2)
Processing autoMPG object: AutoMPG(Buick, Estate Wagon (Sw), 1979, 16.9)
Processing autoMPG object: AutoMPG(Ford, Country Squire (Sw), 1979, 15.5)
Processing autoMPG object: AutoMPG(Chevrolet, Malibu Classic (Sw), 1979, 19.2)
Processing autoMPG object: AutoMPG(Chrysler, Lebaron Town @ Country (Sw), 1979, 18.5)
Processing autoMPG object: AutoMPG(Volkswagen, Rabbit Custom, 1979, 31.9)
Processing autoMPG object: AutoMPG(Mazda, Glc Deluxe, 1979, 34.1)
Processing autoMPG object: AutoMPG(Dodge, Colt Hatchback Custom, 1979, 35.7)
Processing autoMPG object: AutoMPG(Amc, Spirit Dl, 1979, 27.4)
Processing autoMPG object: AutoMPG(Mercedes, Benz 300D, 1979, 25.4)
Processing autoMPG object: AutoMPG(Cadillac, Eldorado, 1979, 23.0)
Processing autoMPG object: AutoMPG(Peugeot, 504, 1979, 27.2)
Processing autoMPG object: AutoMPG(Oldsmobile, Cutlass Salon Brougham, 1979, 23.9)
Processing autoMPG object: AutoMPG(Plymouth, Horizon, 1979, 34.2)
Processing autoMPG object: AutoMPG(Plymouth, Horizon Tc3, 1979, 34.5)
Processing autoMPG object: AutoMPG(Datsun, 210, 1979, 31.8)
Processing autoMPG object: AutoMPG(Fiat, Strada Custom, 1979, 37.3)
Processing autoMPG object: AutoMPG(Buick, Skylark Limited, 1979, 28.4)
Processing autoMPG object: AutoMPG(Chevrolet, Citation, 1979, 28.8)
Processing autoMPG object: AutoMPG(Oldsmobile, Omega Brougham, 1979, 26.8)
Processing autoMPG object: AutoMPG(Pontiac, Phoenix, 1979, 33.5)
Processing autoMPG object: AutoMPG(Volkswagen, Rabbit, 1980, 41.5)
Processing autoMPG object: AutoMPG(Toyota, Corolla Tercel, 1980, 38.1)
Processing autoMPG object: AutoMPG(Chevrolet, Chevette, 1980, 32.1)
Processing autoMPG object: AutoMPG(Datsun, 310, 1980, 37.2)
Processing autoMPG object: AutoMPG(Chevrolet, Citation, 1980, 28.0)
Processing autoMPG object: AutoMPG(Ford, Fairmont, 1980, 26.4)
Processing autoMPG object: AutoMPG(Amc, Concord, 1980, 24.3)
Processing autoMPG object: AutoMPG(Dodge, Aspen, 1980, 19.1)
Processing autoMPG object: AutoMPG(Audi, 4000, 1980, 34.3)
Processing autoMPG object: AutoMPG(Toyota, Corona Liftback, 1980, 29.8)
Processing autoMPG object: AutoMPG(Mazda, 626, 1980, 31.3)
Processing autoMPG object: AutoMPG(Datsun, 510 Hatchback, 1980, 37.0)
Processing autoMPG object: AutoMPG(Toyota, Corolla, 1980, 32.2)
Processing autoMPG object: AutoMPG(Mazda, Glc, 1980, 46.6)
Processing autoMPG object: AutoMPG(Dodge, Colt, 1980, 27.9)
Processing autoMPG object: AutoMPG(Datsun, 210, 1980, 40.8)
Processing autoMPG object: AutoMPG(Volkswagen, Rabbit C (Diesel), 1980, 44.3)
Processing autoMPG object: AutoMPG(Volkswagen, Dasher (Diesel), 1980, 43.4)
Processing autoMPG object: AutoMPG(Audi, 5000S (Diesel), 1980, 36.4)
Processing autoMPG object: AutoMPG(Mercedes, 240D, 1980, 30.0)
Processing autoMPG object: AutoMPG(Honda, Civic 1500 Gl, 1980, 44.6)
Processing autoMPG object: AutoMPG(Renault, Lecar Deluxe, 1980, 40.9)
Processing autoMPG object: AutoMPG(Subaru, Dl, 1980, 33.8)
Processing autoMPG object: AutoMPG(Volkswagen, Rabbit, 1980, 29.8)
Processing autoMPG object: AutoMPG(Datsun, 280-Zx, 1980, 32.7)
Processing autoMPG object: AutoMPG(Mazda, Rx-7 Gs, 1980, 23.7)
Processing autoMPG object: AutoMPG(Triumph, Tr7 Coupe, 1980, 35.0)
Processing autoMPG object: AutoMPG(Ford, Mustang Cobra, 1980, 23.6)
Processing autoMPG object: AutoMPG(Honda, Accord, 1980, 32.4)
Processing autoMPG object: AutoMPG(Plymouth, Reliant, 1981, 27.2)
Processing autoMPG object: AutoMPG(Buick, Skylark, 1981, 26.6)
Processing autoMPG object: AutoMPG(Dodge, Aries Wagon (Sw), 1981, 25.8)
Processing autoMPG object: AutoMPG(Chevrolet, Citation, 1981, 23.5)
Processing autoMPG object: AutoMPG(Plymouth, Reliant, 1981, 30.0)
Processing autoMPG object: AutoMPG(Toyota, Starlet, 1981, 39.1)
Processing autoMPG object: AutoMPG(Plymouth, Champ, 1981, 39.0)
Processing autoMPG object: AutoMPG(Honda, Civic 1300, 1981, 35.1)
Processing autoMPG object: AutoMPG(Subaru, , 1981, 32.3)
Processing autoMPG object: AutoMPG(Datsun, 210 Mpg, 1981, 37.0)
Processing autoMPG object: AutoMPG(Toyota, Tercel, 1981, 37.7)
Processing autoMPG object: AutoMPG(Mazda, Glc 4, 1981, 34.1)
Processing autoMPG object: AutoMPG(Plymouth, Horizon 4, 1981, 34.7)
Processing autoMPG object: AutoMPG(Ford, Escort 4W, 1981, 34.4)
Processing autoMPG object: AutoMPG(Ford, Escort 2H, 1981, 29.9)
Processing autoMPG object: AutoMPG(Volkswagen, Jetta, 1981, 33.0)
Processing autoMPG object: AutoMPG(Renault, 18I, 1981, 34.5)
Processing autoMPG object: AutoMPG(Honda, Prelude, 1981, 33.7)
Processing autoMPG object: AutoMPG(Toyota, Corolla, 1981, 32.4)
Processing autoMPG object: AutoMPG(Datsun, 200Sx, 1981, 32.9)
Processing autoMPG object: AutoMPG(Mazda, 626, 1981, 31.6)
Processing autoMPG object: AutoMPG(Peugeot, 505S Turbo Diesel, 1981, 28.1)
Processing autoMPG object: AutoMPG(Volvo, Diesel, 1981, 30.7)
Processing autoMPG object: AutoMPG(Toyota, Cressida, 1981, 25.4)
Processing autoMPG object: AutoMPG(Datsun, 810 Maxima, 1981, 24.2)
Processing autoMPG object: AutoMPG(Buick, Century, 1981, 22.4)
Processing autoMPG object: AutoMPG(Oldsmobile, Cutlass Ls, 1981, 26.6)
Processing autoMPG object: AutoMPG(Ford, Granada Gl, 1981, 20.2)
Processing autoMPG object: AutoMPG(Chrysler, Lebaron Salon, 1981, 17.6)
Processing autoMPG object: AutoMPG(Chevrolet, Cavalier, 1982, 28.0)
Processing autoMPG object: AutoMPG(Chevrolet, Cavalier Wagon, 1982, 27.0)
Processing autoMPG object: AutoMPG(Chevrolet, Cavalier 2-Door, 1982, 34.0)
Processing autoMPG object: AutoMPG(Pontiac, J2000 Se Hatchback, 1982, 31.0)
Processing autoMPG object: AutoMPG(Dodge, Aries Se, 1982, 29.0)
Processing autoMPG object: AutoMPG(Pontiac, Phoenix, 1982, 27.0)
Processing autoMPG object: AutoMPG(Ford, Fairmont Futura, 1982, 24.0)
Processing autoMPG object: AutoMPG(Amc, Concord Dl, 1982, 23.0)
Processing autoMPG object: AutoMPG(Volkswagen, Rabbit L, 1982, 36.0)
Processing autoMPG object: AutoMPG(Mazda, Glc Custom L, 1982, 37.0)
Processing autoMPG object: AutoMPG(Mazda, Glc Custom, 1982, 31.0)
Processing autoMPG object: AutoMPG(Plymouth, Horizon Miser, 1982, 38.0)
Processing autoMPG object: AutoMPG(Mercury, Lynx L, 1982, 36.0)
Processing autoMPG object: AutoMPG(Nissan, Stanza Xe, 1982, 36.0)
Processing autoMPG object: AutoMPG(Honda, Accord, 1982, 36.0)
Processing autoMPG object: AutoMPG(Toyota, Corolla, 1982, 34.0)
Processing autoMPG object: AutoMPG(Honda, Civic, 1982, 38.0)
Processing autoMPG object: AutoMPG(Honda, Civic (Auto), 1982, 32.0)
Processing autoMPG object: AutoMPG(Datsun, 310 Gx, 1982, 38.0)
Processing autoMPG object: AutoMPG(Buick, Century Limited, 1982, 25.0)
Processing autoMPG object: AutoMPG(Oldsmobile, Cutlass Ciera (Diesel), 1982, 38.0)
Processing autoMPG object: AutoMPG(Chrysler, Lebaron Medallion, 1982, 26.0)
Processing autoMPG object: AutoMPG(Ford, Granada L, 1982, 22.0)
Processing autoMPG object: AutoMPG(Toyota, Celica Gt, 1982, 32.0)
Processing autoMPG object: AutoMPG(Dodge, Charger 2.2, 1982, 36.0)
Processing autoMPG object: AutoMPG(Chevrolet, Camaro, 1982, 27.0)
Processing autoMPG object: AutoMPG(Ford, Mustang Gl, 1982, 27.0)
Processing autoMPG object: AutoMPG(Volkswagen, Pickup, 1982, 44.0)
Processing autoMPG object: AutoMPG(Dodge, Rampage, 1982, 32.0)
Processing autoMPG object: AutoMPG(Ford, Ranger, 1982, 28.0)
Processing autoMPG object: AutoMPG(Chevrolet, S-10, 1982, 31.0)
Sucessfully processed autoMPG Data!
AutoMPGData object initialized.
Processing autoMPG object: AutoMPG(Chevrolet, Chevelle Malibu, 1970, 18.0)
Processing autoMPG object: AutoMPG(Buick, Skylark 320, 1970, 15.0)
Processing autoMPG object: AutoMPG(Plymouth, Satellite, 1970, 18.0)
Processing autoMPG object: AutoMPG(Amc, Rebel Sst, 1970, 16.0)
Processing autoMPG object: AutoMPG(Ford, Torino, 1970, 17.0)
Processing autoMPG object: AutoMPG(Ford, Galaxie 500, 1970, 15.0)
Processing autoMPG object: AutoMPG(Chevrolet, Impala, 1970, 14.0)
Processing autoMPG object: AutoMPG(Plymouth, Fury Iii, 1970, 14.0)
Processing autoMPG object: AutoMPG(Pontiac, Catalina, 1970, 14.0)
Processing autoMPG object: AutoMPG(Amc, Ambassador Dpl, 1970, 15.0)
Processing autoMPG object: AutoMPG(Dodge, Challenger Se, 1970, 15.0)
Processing autoMPG object: AutoMPG(Plymouth, 'Cuda 340, 1970, 14.0)
Processing autoMPG object: AutoMPG(Chevrolet, Monte Carlo, 1970, 15.0)
Processing autoMPG object: AutoMPG(Buick, Estate Wagon (Sw), 1970, 14.0)
Processing autoMPG object: AutoMPG(Toyota, Corona Mark Ii, 1970, 24.0)
Processing autoMPG object: AutoMPG(Plymouth, Duster, 1970, 22.0)
Processing autoMPG object: AutoMPG(Amc, Hornet, 1970, 18.0)
Processing autoMPG object: AutoMPG(Ford, Maverick, 1970, 21.0)
Processing autoMPG object: AutoMPG(Datsun, Pl510, 1970, 27.0)
Processing autoMPG object: AutoMPG(Volkswagen, 1131 Deluxe Sedan, 1970, 26.0)
Processing autoMPG object: AutoMPG(Peugeot, 504, 1970, 25.0)
Processing autoMPG object: AutoMPG(Audi, 100 Ls, 1970, 24.0)
Processing autoMPG object: AutoMPG(Saab, 99E, 1970, 25.0)
Processing autoMPG object: AutoMPG(Bmw, 2002, 1970, 26.0)
Processing autoMPG object: AutoMPG(Amc, Gremlin, 1970, 21.0)
Processing autoMPG object: AutoMPG(Ford, F250, 1970, 10.0)
Processing autoMPG object: AutoMPG(Chevrolet, C20, 1970, 10.0)
Processing autoMPG object: AutoMPG(Dodge, D200, 1970, 11.0)
Processing autoMPG object: AutoMPG(Hi, 1200D, 1970, 9.0)
Processing autoMPG object: AutoMPG(Datsun, Pl510, 1971, 27.0)
Processing autoMPG object: AutoMPG(Chevrolet, Vega 2300, 1971, 28.0)
Processing autoMPG object: AutoMPG(Toyota, Corona, 1971, 25.0)
Processing autoMPG object: AutoMPG(Ford, Pinto, 1971, 25.0)
Processing autoMPG object: AutoMPG(Amc, Gremlin, 1971, 19.0)
Processing autoMPG object: AutoMPG(Plymouth, Satellite Custom, 1971, 16.0)
Processing autoMPG object: AutoMPG(Chevrolet, Chevelle Malibu, 1971, 17.0)
Processing autoMPG object: AutoMPG(Ford, Torino 500, 1971, 19.0)
Processing autoMPG object: AutoMPG(Amc, Matador, 1971, 18.0)
Processing autoMPG object: AutoMPG(Chevrolet, Impala, 1971, 14.0)
Processing autoMPG object: AutoMPG(Pontiac, Catalina Brougham, 1971, 14.0)
Processing autoMPG object: AutoMPG(Ford, Galaxie 500, 1971, 14.0)
Processing autoMPG object: AutoMPG(Plymouth, Fury Iii, 1971, 14.0)
Processing autoMPG object: AutoMPG(Dodge, Monaco (Sw), 1971, 12.0)
Processing autoMPG object: AutoMPG(Ford, Country Squire (Sw), 1971, 13.0)
Processing autoMPG object: AutoMPG(Pontiac, Safari (Sw), 1971, 13.0)
Processing autoMPG object: AutoMPG(Amc, Hornet Sportabout (Sw), 1971, 18.0)
Processing autoMPG object: AutoMPG(Chevrolet, Vega (Sw), 1971, 22.0)
Processing autoMPG object: AutoMPG(Pontiac, Firebird, 1971, 19.0)
Processing autoMPG object: AutoMPG(Ford, Mustang, 1971, 18.0)
Processing autoMPG object: AutoMPG(Mercury, Capri 2000, 1971, 23.0)
Processing autoMPG object: AutoMPG(Opel, 1900, 1971, 28.0)
Processing autoMPG object: AutoMPG(Peugeot, 304, 1971, 30.0)
Processing autoMPG object: AutoMPG(Fiat, 124B, 1971, 30.0)
Processing autoMPG object: AutoMPG(Toyota, Corolla 1200, 1971, 31.0)
Processing autoMPG object: AutoMPG(Datsun, 1200, 1971, 35.0)
Processing autoMPG object: AutoMPG(Volkswagen, Model 111, 1971, 27.0)
Processing autoMPG object: AutoMPG(Plymouth, Cricket, 1971, 26.0)
Processing autoMPG object: AutoMPG(Toyota, Corona Hardtop, 1972, 24.0)
Processing autoMPG object: AutoMPG(Dodge, Colt Hardtop, 1972, 25.0)
Processing autoMPG object: AutoMPG(Volkswagen, Type 3, 1972, 23.0)
Processing autoMPG object: AutoMPG(Chevrolet, Vega, 1972, 20.0)
Processing autoMPG object: AutoMPG(Ford, Pinto Runabout, 1972, 21.0)
Processing autoMPG object: AutoMPG(Chevrolet, Impala, 1972, 13.0)
Processing autoMPG object: AutoMPG(Pontiac, Catalina, 1972, 14.0)
Processing autoMPG object: AutoMPG(Plymouth, Fury Iii, 1972, 15.0)
Processing autoMPG object: AutoMPG(Ford, Galaxie 500, 1972, 14.0)
Processing autoMPG object: AutoMPG(Amc, Ambassador Sst, 1972, 17.0)
Processing autoMPG object: AutoMPG(Mercury, Marquis, 1972, 11.0)
Processing autoMPG object: AutoMPG(Buick, Lesabre Custom, 1972, 13.0)
Processing autoMPG object: AutoMPG(Oldsmobile, Delta 88 Royale, 1972, 12.0)
Processing autoMPG object: AutoMPG(Chrysler, Newport Royal, 1972, 13.0)
Processing autoMPG object: AutoMPG(Mazda, Rx2 Coupe, 1972, 19.0)
Processing autoMPG object: AutoMPG(Amc, Matador (Sw), 1972, 15.0)
Processing autoMPG object: AutoMPG(Chevrolet, Chevelle Concours (Sw), 1972, 13.0)
Processing autoMPG object: AutoMPG(Ford, Gran Torino (Sw), 1972, 13.0)
Processing autoMPG object: AutoMPG(Plymouth, Satellite Custom (Sw), 1972, 14.0)
Processing autoMPG object: AutoMPG(Volvo, 145E (Sw), 1972, 18.0)
Processing autoMPG object: AutoMPG(Volkswagen, 411 (Sw), 1972, 22.0)
Processing autoMPG object: AutoMPG(Peugeot, 504 (Sw), 1972, 21.0)
Processing autoMPG object: AutoMPG(Renault, 12 (Sw), 1972, 26.0)
Processing autoMPG object: AutoMPG(Ford, Pinto (Sw), 1972, 22.0)
Processing autoMPG object: AutoMPG(Datsun, 510 (Sw), 1972, 28.0)
Processing autoMPG object: AutoMPG(Toyota, Corona Mark Ii (Sw), 1972, 23.0)
Processing autoMPG object: AutoMPG(Dodge, Colt (Sw), 1972, 28.0)
Processing autoMPG object: AutoMPG(Toyota, Corolla 1600 (Sw), 1972, 27.0)
Processing autoMPG object: AutoMPG(Buick, Century 350, 1973, 13.0)
Processing autoMPG object: AutoMPG(Amc, Matador, 1973, 14.0)
Processing autoMPG object: AutoMPG(Chevrolet, Malibu, 1973, 13.0)
Processing autoMPG object: AutoMPG(Ford, Gran Torino, 1973, 14.0)
Processing autoMPG object: AutoMPG(Dodge, Coronet Custom, 1973, 15.0)
Processing autoMPG object: AutoMPG(Mercury, Marquis Brougham, 1973, 12.0)
Processing autoMPG object: AutoMPG(Chevrolet, Caprice Classic, 1973, 13.0)
Processing autoMPG object: AutoMPG(Ford, Ltd, 1973, 13.0)
Processing autoMPG object: AutoMPG(Plymouth, Fury Gran Sedan, 1973, 14.0)
Processing autoMPG object: AutoMPG(Chrysler, New Yorker Brougham, 1973, 13.0)
Processing autoMPG object: AutoMPG(Buick, Electra 225 Custom, 1973, 12.0)
Processing autoMPG object: AutoMPG(Amc, Ambassador Brougham, 1973, 13.0)
Processing autoMPG object: AutoMPG(Plymouth, Valiant, 1973, 18.0)
Processing autoMPG object: AutoMPG(Chevrolet, Nova Custom, 1973, 16.0)
Processing autoMPG object: AutoMPG(Amc, Hornet, 1973, 18.0)
Processing autoMPG object: AutoMPG(Ford, Maverick, 1973, 18.0)
Processing autoMPG object: AutoMPG(Plymouth, Duster, 1973, 23.0)
Processing autoMPG object: AutoMPG(Volkswagen, Super Beetle, 1973, 26.0)
Processing autoMPG object: AutoMPG(Chevrolet, Impala, 1973, 11.0)
Processing autoMPG object: AutoMPG(Ford, Country, 1973, 12.0)
Processing autoMPG object: AutoMPG(Plymouth, Custom Suburb, 1973, 13.0)
Processing autoMPG object: AutoMPG(Oldsmobile, Vista Cruiser, 1973, 12.0)
Processing autoMPG object: AutoMPG(Amc, Gremlin, 1973, 18.0)
Processing autoMPG object: AutoMPG(Toyota, Carina, 1973, 20.0)
Processing autoMPG object: AutoMPG(Chevrolet, Vega, 1973, 21.0)
Processing autoMPG object: AutoMPG(Datsun, 610, 1973, 22.0)
Processing autoMPG object: AutoMPG(Mazda, Rx3, 1973, 18.0)
Processing autoMPG object: AutoMPG(Ford, Pinto, 1973, 19.0)
Processing autoMPG object: AutoMPG(Mercury, Capri V6, 1973, 21.0)
Processing autoMPG object: AutoMPG(Fiat, 124 Sport Coupe, 1973, 26.0)
Processing autoMPG object: AutoMPG(Chevrolet, Monte Carlo S, 1973, 15.0)
Processing autoMPG object: AutoMPG(Pontiac, Grand Prix, 1973, 16.0)
Processing autoMPG object: AutoMPG(Fiat, 128, 1973, 29.0)
Processing autoMPG object: AutoMPG(Opel, Manta, 1973, 24.0)
Processing autoMPG object: AutoMPG(Audi, 100Ls, 1973, 20.0)
Processing autoMPG object: AutoMPG(Volvo, 144Ea, 1973, 19.0)
Processing autoMPG object: AutoMPG(Dodge, Dart Custom, 1973, 15.0)
Processing autoMPG object: AutoMPG(Saab, 99Le, 1973, 24.0)
Processing autoMPG object: AutoMPG(Toyota, Mark Ii, 1973, 20.0)
Processing autoMPG object: AutoMPG(Oldsmobile, Omega, 1973, 11.0)
Processing autoMPG object: AutoMPG(Plymouth, Duster, 1974, 20.0)
Processing autoMPG object: AutoMPG(Ford, Maverick, 1974, 21.0)
Processing autoMPG object: AutoMPG(Amc, Hornet, 1974, 19.0)
Processing autoMPG object: AutoMPG(Chevrolet, Nova, 1974, 15.0)
Processing autoMPG object: AutoMPG(Datsun, B210, 1974, 31.0)
Processing autoMPG object: AutoMPG(Ford, Pinto, 1974, 26.0)
Processing autoMPG object: AutoMPG(Toyota, Corolla 1200, 1974, 32.0)
Processing autoMPG object: AutoMPG(Chevrolet, Vega, 1974, 25.0)
Processing autoMPG object: AutoMPG(Chevrolet, Chevelle Malibu Classic, 1974, 16.0)
Processing autoMPG object: AutoMPG(Amc, Matador, 1974, 16.0)
Processing autoMPG object: AutoMPG(Plymouth, Satellite Sebring, 1974, 18.0)
Processing autoMPG object: AutoMPG(Ford, Gran Torino, 1974, 16.0)
Processing autoMPG object: AutoMPG(Buick, Century Luxus (Sw), 1974, 13.0)
Processing autoMPG object: AutoMPG(Dodge, Coronet Custom (Sw), 1974, 14.0)
Processing autoMPG object: AutoMPG(Ford, Gran Torino (Sw), 1974, 14.0)
Processing autoMPG object: AutoMPG(Amc, Matador (Sw), 1974, 14.0)
Processing autoMPG object: AutoMPG(Audi, Fox, 1974, 29.0)
Processing autoMPG object: AutoMPG(Volkswagen, Dasher, 1974, 26.0)
Processing autoMPG object: AutoMPG(Opel, Manta, 1974, 26.0)
Processing autoMPG object: AutoMPG(Toyota, Corona, 1974, 31.0)
Processing autoMPG object: AutoMPG(Datsun, 710, 1974, 32.0)
Processing autoMPG object: AutoMPG(Dodge, Colt, 1974, 28.0)
Processing autoMPG object: AutoMPG(Fiat, 128, 1974, 24.0)
Processing autoMPG object: AutoMPG(Fiat, 124 Tc, 1974, 26.0)
Processing autoMPG object: AutoMPG(Honda, Civic, 1974, 24.0)
Processing autoMPG object: AutoMPG(Subaru, , 1974, 26.0)
Processing autoMPG object: AutoMPG(Fiat, X1.9, 1974, 31.0)
Processing autoMPG object: AutoMPG(Plymouth, Valiant Custom, 1975, 19.0)
Processing autoMPG object: AutoMPG(Chevrolet, Nova, 1975, 18.0)
Processing autoMPG object: AutoMPG(Mercury, Monarch, 1975, 15.0)
Processing autoMPG object: AutoMPG(Ford, Maverick, 1975, 15.0)
Processing autoMPG object: AutoMPG(Pontiac, Catalina, 1975, 16.0)
Processing autoMPG object: AutoMPG(Chevrolet, Bel Air, 1975, 15.0)
Processing autoMPG object: AutoMPG(Plymouth, Grand Fury, 1975, 16.0)
Processing autoMPG object: AutoMPG(Ford, Ltd, 1975, 14.0)
Processing autoMPG object: AutoMPG(Buick, Century, 1975, 17.0)
Processing autoMPG object: AutoMPG(Chevrolet, Chevelle Malibu, 1975, 16.0)
Processing autoMPG object: AutoMPG(Amc, Matador, 1975, 15.0)
Processing autoMPG object: AutoMPG(Plymouth, Fury, 1975, 18.0)
Processing autoMPG object: AutoMPG(Buick, Skyhawk, 1975, 21.0)
Processing autoMPG object: AutoMPG(Chevrolet, Monza 2+2, 1975, 20.0)
Processing autoMPG object: AutoMPG(Ford, Mustang Ii, 1975, 13.0)
Processing autoMPG object: AutoMPG(Toyota, Corolla, 1975, 29.0)
Processing autoMPG object: AutoMPG(Ford, Pinto, 1975, 23.0)
Processing autoMPG object: AutoMPG(Amc, Gremlin, 1975, 20.0)
Processing autoMPG object: AutoMPG(Pontiac, Astro, 1975, 23.0)
Processing autoMPG object: AutoMPG(Toyota, Corona, 1975, 24.0)
Processing autoMPG object: AutoMPG(Volkswagen, Dasher, 1975, 25.0)
Processing autoMPG object: AutoMPG(Datsun, 710, 1975, 24.0)
Processing autoMPG object: AutoMPG(Ford, Pinto, 1975, 18.0)
Processing autoMPG object: AutoMPG(Volkswagen, Rabbit, 1975, 29.0)
Processing autoMPG object: AutoMPG(Amc, Pacer, 1975, 19.0)
Processing autoMPG object: AutoMPG(Audi, 100Ls, 1975, 23.0)
Processing autoMPG object: AutoMPG(Peugeot, 504, 1975, 23.0)
Processing autoMPG object: AutoMPG(Volvo, 244Dl, 1975, 22.0)
Processing autoMPG object: AutoMPG(Saab, 99Le, 1975, 25.0)
Processing autoMPG object: AutoMPG(Honda, Civic Cvcc, 1975, 33.0)
Processing autoMPG object: AutoMPG(Fiat, 131, 1976, 28.0)
Processing autoMPG object: AutoMPG(Opel, 1900, 1976, 25.0)
Processing autoMPG object: AutoMPG(Capri, Ii, 1976, 25.0)
Processing autoMPG object: AutoMPG(Dodge, Colt, 1976, 26.0)
Processing autoMPG object: AutoMPG(Renault, 12Tl, 1976, 27.0)
Processing autoMPG object: AutoMPG(Chevrolet, Chevelle Malibu Classic, 1976, 17.5)
Processing autoMPG object: AutoMPG(Dodge, Coronet Brougham, 1976, 16.0)
Processing autoMPG object: AutoMPG(Amc, Matador, 1976, 15.5)
Processing autoMPG object: AutoMPG(Ford, Gran Torino, 1976, 14.5)
Processing autoMPG object: AutoMPG(Plymouth, Valiant, 1976, 22.0)
Processing autoMPG object: AutoMPG(Chevrolet, Nova, 1976, 22.0)
Processing autoMPG object: AutoMPG(Ford, Maverick, 1976, 24.0)
Processing autoMPG object: AutoMPG(Amc, Hornet, 1976, 22.5)
Processing autoMPG object: AutoMPG(Chevrolet, Chevette, 1976, 29.0)
Processing autoMPG object: AutoMPG(Chevrolet, Woody, 1976, 24.5)
Processing autoMPG object: AutoMPG(Volkswagen, Rabbit, 1976, 29.0)
Processing autoMPG object: AutoMPG(Honda, Civic, 1976, 33.0)
Processing autoMPG object: AutoMPG(Dodge, Aspen Se, 1976, 20.0)
Processing autoMPG object: AutoMPG(Ford, Granada Ghia, 1976, 18.0)
Processing autoMPG object: AutoMPG(Pontiac, Ventura Sj, 1976, 18.5)
Processing autoMPG object: AutoMPG(Amc, Pacer D/L, 1976, 17.5)
Processing autoMPG object: AutoMPG(Volkswagen, Rabbit, 1976, 29.5)
Processing autoMPG object: AutoMPG(Datsun, B-210, 1976, 32.0)
Processing autoMPG object: AutoMPG(Toyota, Corolla, 1976, 28.0)
Processing autoMPG object: AutoMPG(Ford, Pinto, 1976, 26.5)
Processing autoMPG object: AutoMPG(Volvo, 245, 1976, 20.0)
Processing autoMPG object: AutoMPG(Plymouth, Volare Premier V8, 1976, 13.0)
Processing autoMPG object: AutoMPG(Peugeot, 504, 1976, 19.0)
Processing autoMPG object: AutoMPG(Toyota, Mark Ii, 1976, 19.0)
Processing autoMPG object: AutoMPG(Mercedes, 280S, 1976, 16.5)
Processing autoMPG object: AutoMPG(Cadillac, Seville, 1976, 16.5)
Processing autoMPG object: AutoMPG(Chevrolet, C10, 1976, 13.0)
Processing autoMPG object: AutoMPG(Ford, F108, 1976, 13.0)
Processing autoMPG object: AutoMPG(Dodge, D100, 1976, 13.0)
Processing autoMPG object: AutoMPG(Honda, Accord Cvcc, 1977, 31.5)
Processing autoMPG object: AutoMPG(Buick, Opel Isuzu Deluxe, 1977, 30.0)
Processing autoMPG object: AutoMPG(Renault, 5 Gtl, 1977, 36.0)
Processing autoMPG object: AutoMPG(Plymouth, Arrow Gs, 1977, 25.5)
Processing autoMPG object: AutoMPG(Datsun, F-10 Hatchback, 1977, 33.5)
Processing autoMPG object: AutoMPG(Chevrolet, Caprice Classic, 1977, 17.5)
Processing autoMPG object: AutoMPG(Oldsmobile, Cutlass Supreme, 1977, 17.0)
Processing autoMPG object: AutoMPG(Dodge, Monaco Brougham, 1977, 15.5)
Processing autoMPG object: AutoMPG(Mercury, Cougar Brougham, 1977, 15.0)
Processing autoMPG object: AutoMPG(Chevrolet, Concours, 1977, 17.5)
Processing autoMPG object: AutoMPG(Buick, Skylark, 1977, 20.5)
Processing autoMPG object: AutoMPG(Plymouth, Volare Custom, 1977, 19.0)
Processing autoMPG object: AutoMPG(Ford, Granada, 1977, 18.5)
Processing autoMPG object: AutoMPG(Pontiac, Grand Prix Lj, 1977, 16.0)
Processing autoMPG object: AutoMPG(Chevrolet, Monte Carlo Landau, 1977, 15.5)
Processing autoMPG object: AutoMPG(Chrysler, Cordoba, 1977, 15.5)
Processing autoMPG object: AutoMPG(Ford, Thunderbird, 1977, 16.0)
Processing autoMPG object: AutoMPG(Volkswagen, Rabbit Custom, 1977, 29.0)
Processing autoMPG object: AutoMPG(Pontiac, Sunbird Coupe, 1977, 24.5)
Processing autoMPG object: AutoMPG(Toyota, Corolla Liftback, 1977, 26.0)
Processing autoMPG object: AutoMPG(Ford, Mustang Ii 2+2, 1977, 25.5)
Processing autoMPG object: AutoMPG(Chevrolet, Chevette, 1977, 30.5)
Processing autoMPG object: AutoMPG(Dodge, Colt M/M, 1977, 33.5)
Processing autoMPG object: AutoMPG(Subaru, Dl, 1977, 30.0)
Processing autoMPG object: AutoMPG(Volkswagen, Dasher, 1977, 30.5)
Processing autoMPG object: AutoMPG(Datsun, 810, 1977, 22.0)
Processing autoMPG object: AutoMPG(Bmw, 320I, 1977, 21.5)
Processing autoMPG object: AutoMPG(Mazda, Rx-4, 1977, 21.5)
Processing autoMPG object: AutoMPG(Volkswagen, Rabbit Custom Diesel, 1978, 43.1)
Processing autoMPG object: AutoMPG(Ford, Fiesta, 1978, 36.1)
Processing autoMPG object: AutoMPG(Mazda, Glc Deluxe, 1978, 32.8)
Processing autoMPG object: AutoMPG(Datsun, B210 Gx, 1978, 39.4)
Processing autoMPG object: AutoMPG(Honda, Civic Cvcc, 1978, 36.1)
Processing autoMPG object: AutoMPG(Oldsmobile, Cutlass Salon Brougham, 1978, 19.9)
Processing autoMPG object: AutoMPG(Dodge, Diplomat, 1978, 19.4)
Processing autoMPG object: AutoMPG(Mercury, Monarch Ghia, 1978, 20.2)
Processing autoMPG object: AutoMPG(Pontiac, Phoenix Lj, 1978, 19.2)
Processing autoMPG object: AutoMPG(Chevrolet, Malibu, 1978, 20.5)
Processing autoMPG object: AutoMPG(Ford, Fairmont (Auto), 1978, 20.2)
Processing autoMPG object: AutoMPG(Ford, Fairmont (Man), 1978, 25.1)
Processing autoMPG object: AutoMPG(Plymouth, Volare, 1978, 20.5)
Processing autoMPG object: AutoMPG(Amc, Concord, 1978, 19.4)
Processing autoMPG object: AutoMPG(Buick, Century Special, 1978, 20.6)
Processing autoMPG object: AutoMPG(Mercury, Zephyr, 1978, 20.8)
Processing autoMPG object: AutoMPG(Dodge, Aspen, 1978, 18.6)
Processing autoMPG object: AutoMPG(Amc, Concord D/L, 1978, 18.1)
Processing autoMPG object: AutoMPG(Chevrolet, Monte Carlo Landau, 1978, 19.2)
Processing autoMPG object: AutoMPG(Buick, Regal Sport Coupe (Turbo), 1978, 17.7)
Processing autoMPG object: AutoMPG(Ford, Futura, 1978, 18.1)
Processing autoMPG object: AutoMPG(Dodge, Magnum Xe, 1978, 17.5)
Processing autoMPG object: AutoMPG(Chevrolet, Chevette, 1978, 30.0)
Processing autoMPG object: AutoMPG(Toyota, Corona, 1978, 27.5)
Processing autoMPG object: AutoMPG(Datsun, 510, 1978, 27.2)
Processing autoMPG object: AutoMPG(Dodge, Omni, 1978, 30.9)
Processing autoMPG object: AutoMPG(Toyota, Celica Gt Liftback, 1978, 21.1)
Processing autoMPG object: AutoMPG(Plymouth, Sapporo, 1978, 23.2)
Processing autoMPG object: AutoMPG(Oldsmobile, Starfire Sx, 1978, 23.8)
Processing autoMPG object: AutoMPG(Datsun, 200-Sx, 1978, 23.9)
Processing autoMPG object: AutoMPG(Audi, 5000, 1978, 20.3)
Processing autoMPG object: AutoMPG(Volvo, 264Gl, 1978, 17.0)
Processing autoMPG object: AutoMPG(Saab, 99Gle, 1978, 21.6)
Processing autoMPG object: AutoMPG(Peugeot, 604Sl, 1978, 16.2)
Processing autoMPG object: AutoMPG(Volkswagen, Scirocco, 1978, 31.5)
Processing autoMPG object: AutoMPG(Honda, Accord Lx, 1978, 29.5)
Processing autoMPG object: AutoMPG(Pontiac, Lemans V6, 1979, 21.5)
Processing autoMPG object: AutoMPG(Mercury, Zephyr 6, 1979, 19.8)
Processing autoMPG object: AutoMPG(Ford, Fairmont 4, 1979, 22.3)
Processing autoMPG object: AutoMPG(Amc, Concord Dl 6, 1979, 20.2)
Processing autoMPG object: AutoMPG(Dodge, Aspen 6, 1979, 20.6)
Processing autoMPG object: AutoMPG(Chevrolet, Caprice Classic, 1979, 17.0)
Processing autoMPG object: AutoMPG(Ford, Ltd Landau, 1979, 17.6)
Processing autoMPG object: AutoMPG(Mercury, Grand Marquis, 1979, 16.5)
Processing autoMPG object: AutoMPG(Dodge, St. Regis, 1979, 18.2)
Processing autoMPG object: AutoMPG(Buick, Estate Wagon (Sw), 1979, 16.9)
Processing autoMPG object: AutoMPG(Ford, Country Squire (Sw), 1979, 15.5)
Processing autoMPG object: AutoMPG(Chevrolet, Malibu Classic (Sw), 1979, 19.2)
Processing autoMPG object: AutoMPG(Chrysler, Lebaron Town @ Country (Sw), 1979, 18.5)
Processing autoMPG object: AutoMPG(Volkswagen, Rabbit Custom, 1979, 31.9)
Processing autoMPG object: AutoMPG(Mazda, Glc Deluxe, 1979, 34.1)
Processing autoMPG object: AutoMPG(Dodge, Colt Hatchback Custom, 1979, 35.7)
Processing autoMPG object: AutoMPG(Amc, Spirit Dl, 1979, 27.4)
Processing autoMPG object: AutoMPG(Mercedes, Benz 300D, 1979, 25.4)
Processing autoMPG object: AutoMPG(Cadillac, Eldorado, 1979, 23.0)
Processing autoMPG object: AutoMPG(Peugeot, 504, 1979, 27.2)
Processing autoMPG object: AutoMPG(Oldsmobile, Cutlass Salon Brougham, 1979, 23.9)
Processing autoMPG object: AutoMPG(Plymouth, Horizon, 1979, 34.2)
Processing autoMPG object: AutoMPG(Plymouth, Horizon Tc3, 1979, 34.5)
Processing autoMPG object: AutoMPG(Datsun, 210, 1979, 31.8)
Processing autoMPG object: AutoMPG(Fiat, Strada Custom, 1979, 37.3)
Processing autoMPG object: AutoMPG(Buick, Skylark Limited, 1979, 28.4)
Processing autoMPG object: AutoMPG(Chevrolet, Citation, 1979, 28.8)
Processing autoMPG object: AutoMPG(Oldsmobile, Omega Brougham, 1979, 26.8)
Processing autoMPG object: AutoMPG(Pontiac, Phoenix, 1979, 33.5)
Processing autoMPG object: AutoMPG(Volkswagen, Rabbit, 1980, 41.5)
Processing autoMPG object: AutoMPG(Toyota, Corolla Tercel, 1980, 38.1)
Processing autoMPG object: AutoMPG(Chevrolet, Chevette, 1980, 32.1)
Processing autoMPG object: AutoMPG(Datsun, 310, 1980, 37.2)
Processing autoMPG object: AutoMPG(Chevrolet, Citation, 1980, 28.0)
Processing autoMPG object: AutoMPG(Ford, Fairmont, 1980, 26.4)
Processing autoMPG object: AutoMPG(Amc, Concord, 1980, 24.3)
Processing autoMPG object: AutoMPG(Dodge, Aspen, 1980, 19.1)
Processing autoMPG object: AutoMPG(Audi, 4000, 1980, 34.3)
Processing autoMPG object: AutoMPG(Toyota, Corona Liftback, 1980, 29.8)
Processing autoMPG object: AutoMPG(Mazda, 626, 1980, 31.3)
Processing autoMPG object: AutoMPG(Datsun, 510 Hatchback, 1980, 37.0)
Processing autoMPG object: AutoMPG(Toyota, Corolla, 1980, 32.2)
Processing autoMPG object: AutoMPG(Mazda, Glc, 1980, 46.6)
Processing autoMPG object: AutoMPG(Dodge, Colt, 1980, 27.9)
Processing autoMPG object: AutoMPG(Datsun, 210, 1980, 40.8)
Processing autoMPG object: AutoMPG(Volkswagen, Rabbit C (Diesel), 1980, 44.3)
Processing autoMPG object: AutoMPG(Volkswagen, Dasher (Diesel), 1980, 43.4)
Processing autoMPG object: AutoMPG(Audi, 5000S (Diesel), 1980, 36.4)
Processing autoMPG object: AutoMPG(Mercedes, 240D, 1980, 30.0)
Processing autoMPG object: AutoMPG(Honda, Civic 1500 Gl, 1980, 44.6)
Processing autoMPG object: AutoMPG(Renault, Lecar Deluxe, 1980, 40.9)
Processing autoMPG object: AutoMPG(Subaru, Dl, 1980, 33.8)
Processing autoMPG object: AutoMPG(Volkswagen, Rabbit, 1980, 29.8)
Processing autoMPG object: AutoMPG(Datsun, 280-Zx, 1980, 32.7)
Processing autoMPG object: AutoMPG(Mazda, Rx-7 Gs, 1980, 23.7)
Processing autoMPG object: AutoMPG(Triumph, Tr7 Coupe, 1980, 35.0)
Processing autoMPG object: AutoMPG(Ford, Mustang Cobra, 1980, 23.6)
Processing autoMPG object: AutoMPG(Honda, Accord, 1980, 32.4)
Processing autoMPG object: AutoMPG(Plymouth, Reliant, 1981, 27.2)
Processing autoMPG object: AutoMPG(Buick, Skylark, 1981, 26.6)
Processing autoMPG object: AutoMPG(Dodge, Aries Wagon (Sw), 1981, 25.8)
Processing autoMPG object: AutoMPG(Chevrolet, Citation, 1981, 23.5)
Processing autoMPG object: AutoMPG(Plymouth, Reliant, 1981, 30.0)
Processing autoMPG object: AutoMPG(Toyota, Starlet, 1981, 39.1)
Processing autoMPG object: AutoMPG(Plymouth, Champ, 1981, 39.0)
Processing autoMPG object: AutoMPG(Honda, Civic 1300, 1981, 35.1)
Processing autoMPG object: AutoMPG(Subaru, , 1981, 32.3)
Processing autoMPG object: AutoMPG(Datsun, 210 Mpg, 1981, 37.0)
Processing autoMPG object: AutoMPG(Toyota, Tercel, 1981, 37.7)
Processing autoMPG object: AutoMPG(Mazda, Glc 4, 1981, 34.1)
Processing autoMPG object: AutoMPG(Plymouth, Horizon 4, 1981, 34.7)
Processing autoMPG object: AutoMPG(Ford, Escort 4W, 1981, 34.4)
Processing autoMPG object: AutoMPG(Ford, Escort 2H, 1981, 29.9)
Processing autoMPG object: AutoMPG(Volkswagen, Jetta, 1981, 33.0)
Processing autoMPG object: AutoMPG(Renault, 18I, 1981, 34.5)
Processing autoMPG object: AutoMPG(Honda, Prelude, 1981, 33.7)
Processing autoMPG object: AutoMPG(Toyota, Corolla, 1981, 32.4)
Processing autoMPG object: AutoMPG(Datsun, 200Sx, 1981, 32.9)
Processing autoMPG object: AutoMPG(Mazda, 626, 1981, 31.6)
Processing autoMPG object: AutoMPG(Peugeot, 505S Turbo Diesel, 1981, 28.1)
Processing autoMPG object: AutoMPG(Volvo, Diesel, 1981, 30.7)
Processing autoMPG object: AutoMPG(Toyota, Cressida, 1981, 25.4)
Processing autoMPG object: AutoMPG(Datsun, 810 Maxima, 1981, 24.2)
Processing autoMPG object: AutoMPG(Buick, Century, 1981, 22.4)
Processing autoMPG object: AutoMPG(Oldsmobile, Cutlass Ls, 1981, 26.6)
Processing autoMPG object: AutoMPG(Ford, Granada Gl, 1981, 20.2)
Processing autoMPG object: AutoMPG(Chrysler, Lebaron Salon, 1981, 17.6)
Processing autoMPG object: AutoMPG(Chevrolet, Cavalier, 1982, 28.0)
Processing autoMPG object: AutoMPG(Chevrolet, Cavalier Wagon, 1982, 27.0)
Processing autoMPG object: AutoMPG(Chevrolet, Cavalier 2-Door, 1982, 34.0)
Processing autoMPG object: AutoMPG(Pontiac, J2000 Se Hatchback, 1982, 31.0)
Processing autoMPG object: AutoMPG(Dodge, Aries Se, 1982, 29.0)
Processing autoMPG object: AutoMPG(Pontiac, Phoenix, 1982, 27.0)
Processing autoMPG object: AutoMPG(Ford, Fairmont Futura, 1982, 24.0)
Processing autoMPG object: AutoMPG(Amc, Concord Dl, 1982, 23.0)
Processing autoMPG object: AutoMPG(Volkswagen, Rabbit L, 1982, 36.0)
Processing autoMPG object: AutoMPG(Mazda, Glc Custom L, 1982, 37.0)
Processing autoMPG object: AutoMPG(Mazda, Glc Custom, 1982, 31.0)
Processing autoMPG object: AutoMPG(Plymouth, Horizon Miser, 1982, 38.0)
Processing autoMPG object: AutoMPG(Mercury, Lynx L, 1982, 36.0)
Processing autoMPG object: AutoMPG(Nissan, Stanza Xe, 1982, 36.0)
Processing autoMPG object: AutoMPG(Honda, Accord, 1982, 36.0)
Processing autoMPG object: AutoMPG(Toyota, Corolla, 1982, 34.0)
Processing autoMPG object: AutoMPG(Honda, Civic, 1982, 38.0)
Processing autoMPG object: AutoMPG(Honda, Civic (Auto), 1982, 32.0)
Processing autoMPG object: AutoMPG(Datsun, 310 Gx, 1982, 38.0)
Processing autoMPG object: AutoMPG(Buick, Century Limited, 1982, 25.0)
Processing autoMPG object: AutoMPG(Oldsmobile, Cutlass Ciera (Diesel), 1982, 38.0)
Processing autoMPG object: AutoMPG(Chrysler, Lebaron Medallion, 1982, 26.0)
Processing autoMPG object: AutoMPG(Ford, Granada L, 1982, 22.0)
Processing autoMPG object: AutoMPG(Toyota, Celica Gt, 1982, 32.0)
Processing autoMPG object: AutoMPG(Dodge, Charger 2.2, 1982, 36.0)
Processing autoMPG object: AutoMPG(Chevrolet, Camaro, 1982, 27.0)
Processing autoMPG object: AutoMPG(Ford, Mustang Gl, 1982, 27.0)
Processing autoMPG object: AutoMPG(Volkswagen, Pickup, 1982, 44.0)
Processing autoMPG object: AutoMPG(Dodge, Rampage, 1982, 32.0)
Processing autoMPG object: AutoMPG(Ford, Ranger, 1982, 28.0)
Processing autoMPG object: AutoMPG(Chevrolet, S-10, 1982, 31.0)
Sucessfully processed autoMPG Data!
